2026-04-01 00:24:59,955 [INFO] MainUpdater:2872 - connection check result : 10
2026-04-01 00:25:00,025 [INFO] MainUpdater:2872 - connection check result : 10
2026-04-01 00:25:00,262 [INFO] MicroXplorer:468 - Change Database Path : 
2026-04-01 00:25:00,263 [INFO] MicroXplorer:498 - Change Database Version : DB.6.0.130
2026-04-01 00:25:00,382 [ERROR] ProjectManagerView:394 - 
java.lang.NullPointerException: Cannot invoke "javax.swing.JTextField.getText()" because the return value of "java.util.List.get(int)" is null
	at com.st.microxplorer.plugins.projectmanager.gui.ProjectChoiceTab$9.caretUpdate(ProjectChoiceTab.java:2616) ~[filemanager.jar:?]
	at javax.swing.text.JTextComponent.fireCaretUpdate(JTextComponent.java:408) ~[?:?]
	at javax.swing.text.JTextComponent$MutableCaretEvent.fire(JTextComponent.java:4484) ~[?:?]
	at javax.swing.text.JTextComponent$MutableCaretEvent.stateChanged(JTextComponent.java:4506) ~[?:?]
	at javax.swing.text.DefaultCaret.fireStateChanged(DefaultCaret.java:857) ~[?:?]
	at javax.swing.text.DefaultCaret.changeCaretPosition(DefaultCaret.java:1343) ~[?:?]
	at javax.swing.text.DefaultCaret.handleSetDot(DefaultCaret.java:1242) ~[?:?]
	at javax.swing.text.DefaultCaret.setDot(DefaultCaret.java:1223) ~[?:?]
	at javax.swing.text.DefaultCaret$Handler.insertUpdate(DefaultCaret.java:1819) ~[?:?]
	at javax.swing.text.AbstractDocument.fireInsertUpdate(AbstractDocument.java:227) ~[?:?]
	at javax.swing.text.AbstractDocument.handleInsertString(AbstractDocument.java:781) ~[?:?]
	at javax.swing.text.AbstractDocument.insertString(AbstractDocument.java:740) ~[?:?]
	at javax.swing.text.PlainDocument.insertString(PlainDocument.java:131) ~[?:?]
	at javax.swing.text.AbstractDocument.replace(AbstractDocument.java:699) ~[?:?]
	at javax.swing.text.JTextComponent.setText(JTextComponent.java:1725) ~[?:?]
	at com.st.microxplorer.plugins.projectmanager.gui.ProjectChoiceTab.createHeapStackFields(ProjectChoiceTab.java:975) ~[filemanager.jar:?]
	at com.st.microxplorer.plugins.projectmanager.gui.ProjectChoiceTab.buildLinkSettingsPanel(ProjectChoiceTab.java:3666) ~[filemanager.jar:?]
	at com.st.microxplorer.plugins.projectmanager.gui.ProjectChoiceTab.defineWindowsFields(ProjectChoiceTab.java:1934) ~[filemanager.jar:?]
	at com.st.microxplorer.plugins.projectmanager.gui.ProjectChoiceTab.updateSettings(ProjectChoiceTab.java:553) ~[filemanager.jar:?]
	at com.st.microxplorer.plugins.projectmanager.gui.ProjectSettingsPanel.UpdateDialog(ProjectSettingsPanel.java:245) ~[filemanager.jar:?]
	at com.st.microxplorer.plugins.projectmanager.ProjectManagerView.propertyChange(ProjectManagerView.java:391) ~[filemanager.jar:?]
	at java.beans.PropertyChangeSupport.fire(PropertyChangeSupport.java:343) ~[?:?]
	at java.beans.PropertyChangeSupport.firePropertyChange(PropertyChangeSupport.java:335) ~[?:?]
	at java.beans.PropertyChangeSupport.firePropertyChange(PropertyChangeSupport.java:268) ~[?:?]
	at com.st.microxplorer.util.MXPropertyChangeSupport.firePropertyChange(MXPropertyChangeSupport.java:54) ~[STM32CubeMX.jar:?]
	at com.st.microxplorer.mxsystem.MxSystem.closeConfig(MxSystem.java:899) ~[STM32CubeMX.jar:?]
	at com.st.microxplorer.maingui.MainPanel.closeConfig(MainPanel.java:789) ~[STM32CubeMX.jar:?]
	at com.st.microxplorer.plugins.filemanager.engine.OpenFileManager.loadConfigurationFile(OpenFileManager.java:265) ~[filemanager.jar:?]
	at com.st.microxplorer.plugins.filemanager.engine.MainFileManager.userLoadConfig(MainFileManager.java:340) ~[filemanager.jar:?]
	at com.st.microxplorer.plugins.filemanager.engine.MainFileManager.userLoadConfig(MainFileManager.java:318) ~[filemanager.jar:?]
	at com.st.microxplorer.plugins.filemanager.FileManagerView.getSpecificTask(FileManagerView.java:246) ~[filemanager.jar:?]
	at com.st.stm32cube.common.mx.editor.CubeMxEditor.getMxTabbedPaneInstance(CubeMxEditor.java:1198) ~[com.st.stm32cube.common.mx_6.13.0.202411220809/:?]
	at com.st.stm32cube.common.mx.editor.CubeMxEditor$12$1.createSwingComponent(CubeMxEditor.java:1068) ~[com.st.stm32cube.common.mx_6.13.0.202411220809/:?]
	at com.st.stm32cube.common.mx.oss.core.awtswtbridge.EmbeddedSwingComposite.doComponentCreation(EmbeddedSwingComposite.java:492) ~[com.st.stm32cube.common.mx.oss_6.13.0.202411220809/:?]
	at com.st.stm32cube.common.mx.oss.core.awtswtbridge.EmbeddedSwingComposite$4.run(EmbeddedSwingComposite.java:291) ~[com.st.stm32cube.common.mx.oss_6.13.0.202411220809/:?]
	at com.st.stm32cube.common.mx.oss.core.awtswtbridge.AwtEnvironment$2.run(AwtEnvironment.java:166) ~[com.st.stm32cube.common.mx.oss_6.13.0.202411220809/:?]
	at java.awt.event.InvocationEvent.dispatch(InvocationEvent.java:318) ~[?:?]
	at java.awt.EventQueue.dispatchEventImpl(EventQueue.java:773) ~[?:?]
	at java.awt.EventQueue$4.run(EventQueue.java:720) ~[?:?]
	at java.awt.EventQueue$4.run(EventQueue.java:714) ~[?:?]
	at java.security.AccessController.doPrivileged(AccessController.java:400) ~[?:?]
	at java.security.ProtectionDomain$JavaSecurityAccessImpl.doIntersectionPrivilege(ProtectionDomain.java:87) ~[?:?]
	at java.awt.EventQueue.dispatchEvent(EventQueue.java:742) ~[?:?]
	at java.awt.EventDispatchThread.pumpOneEventForFilters(EventDispatchThread.java:203) ~[?:?]
	at java.awt.EventDispatchThread.pumpEventsForFilter(EventDispatchThread.java:124) ~[?:?]
	at java.awt.EventDispatchThread.pumpEventsForHierarchy(EventDispatchThread.java:113) ~[?:?]
	at java.awt.EventDispatchThread.pumpEvents(EventDispatchThread.java:109) ~[?:?]
	at java.awt.EventDispatchThread.pumpEvents(EventDispatchThread.java:101) ~[?:?]
	at java.awt.EventDispatchThread.run(EventDispatchThread.java:90) ~[?:?]
2026-04-01 00:25:00,390 [WARN] ThirdParty:871 - waiting for thirdparty lock release [close project]
2026-04-01 00:25:00,391 [INFO] ThirdParty:873 - entering critical section [close project]
2026-04-01 00:25:00,392 [INFO] ThirdParty:883 - exiting critical section [close project]
2026-04-01 00:25:00,402 [INFO] PinOutPanel:1589 - setPackage(No Configuration,No Configuration)
2026-04-01 00:25:00,450 [WARN] IpParametersView:154 - Warning: This peripheral hasn't parameters
2026-04-01 00:25:00,495 [WARN] MainPanel:289 - <html><b><center>Warning: This peripheral has no parameters to be configured<br></b></html>
2026-04-01 00:25:00,498 [ERROR] MainPanel:599 - java.lang.IndexOutOfBoundsException: Index: 0, Tab count: 0
2026-04-01 00:25:00,521 [INFO] UtilMem:75 - Begin LoadConfig() Used Memory: 868522896 Bytes (1073741824)
2026-04-01 00:25:00,523 [INFO] MicroXplorer:468 - Change Database Path : 
2026-04-01 00:25:00,523 [INFO] MicroXplorer:498 - Change Database Version : DB.6.0.130
2026-04-01 00:25:00,524 [INFO] OpenFileManager:332 - Change cursor
2026-04-01 00:25:00,614 [INFO] RulesReader:64 - Compatibility file has been processed (297 Rules)
2026-04-01 00:25:00,641 [INFO] Mcu:2035 - Initializing MCU STM32F103C(8-B)Tx STM32F103C8Tx STM32F103C8T6
2026-04-01 00:25:02,981 [INFO] Context:748 - Trying to add GPIOservice into a context  which must be forbidden
2026-04-01 00:25:03,567 [INFO] RtosManager:555 - Registered RTOS mode: class=CMSIS, group=RTOS, mode=CMSIS_V1, owner=FREERTOS
2026-04-01 00:25:03,568 [INFO] RtosManager:555 - Registered RTOS mode: class=CMSIS, group=RTOS2, mode=CMSIS_V2, owner=FREERTOS
2026-04-01 00:25:03,568 [INFO] RtosManager:555 - Registered RTOS mode: class=RTOS, group=Core, mode=CMSIS_V1, owner=FREERTOS
2026-04-01 00:25:03,568 [INFO] RtosManager:555 - Registered RTOS mode: class=RTOS, group=Core, mode=CMSIS_V2, owner=FREERTOS
2026-04-01 00:25:03,569 [WARN] ModelIntegratedComponent:184 - Missing modes for component STMicroelectronics:FreeRTOS:0.0.1:STMicroelectronics:RTOS:FreeRTOS:Core:::10.2.0:
2026-04-01 00:25:03,604 [WARN] ModelIntegratedComponent:63 - No mode defined for component null
2026-04-01 00:25:03,605 [WARN] ModelIntegratedComponent:63 - No mode defined for component null
2026-04-01 00:25:03,605 [WARN] ModelIntegratedComponent:63 - No mode defined for component null
2026-04-01 00:25:03,605 [WARN] ModelIntegratedComponent:63 - No mode defined for component null
2026-04-01 00:25:03,605 [WARN] ModelIntegratedComponent:63 - No mode defined for component null
2026-04-01 00:25:03,607 [WARN] ModelIntegratedComponent:63 - No mode defined for component null
2026-04-01 00:25:03,607 [WARN] ModelIntegratedComponent:63 - No mode defined for component null
2026-04-01 00:25:03,607 [WARN] ModelIntegratedComponent:63 - No mode defined for component null
2026-04-01 00:25:03,607 [WARN] ModelIntegratedComponent:63 - No mode defined for component null
2026-04-01 00:25:03,607 [WARN] ModelIntegratedComponent:63 - No mode defined for component null
2026-04-01 00:25:03,608 [WARN] ModelIntegratedComponent:63 - No mode defined for component null
2026-04-01 00:25:03,608 [WARN] ModelIntegratedComponent:63 - No mode defined for component null
2026-04-01 00:25:03,608 [WARN] ModelIntegratedComponent:63 - No mode defined for component null
2026-04-01 00:25:03,608 [WARN] ModelIntegratedComponent:63 - No mode defined for component null
2026-04-01 00:25:03,609 [WARN] ModelIntegratedComponent:63 - No mode defined for component null
2026-04-01 00:25:03,610 [WARN] ModelIntegratedComponent:63 - No mode defined for component null
2026-04-01 00:25:03,610 [WARN] ModelIntegratedComponent:63 - No mode defined for component null
2026-04-01 00:25:03,610 [WARN] ModelIntegratedComponent:63 - No mode defined for component null
2026-04-01 00:25:03,610 [WARN] ModelIntegratedComponent:63 - No mode defined for component null
2026-04-01 00:25:03,612 [WARN] ModelIntegratedComponent:63 - No mode defined for component null
2026-04-01 00:25:03,612 [WARN] ModelIntegratedComponent:63 - No mode defined for component null
2026-04-01 00:25:03,612 [WARN] ModelIntegratedComponent:63 - No mode defined for component null
2026-04-01 00:25:03,612 [WARN] ModelIntegratedComponent:63 - No mode defined for component null
2026-04-01 00:25:03,612 [WARN] ModelIntegratedComponent:63 - No mode defined for component null
2026-04-01 00:25:03,612 [WARN] ModelIntegratedComponent:63 - No mode defined for component null
2026-04-01 00:25:03,612 [WARN] ModelIntegratedComponent:63 - No mode defined for component null
2026-04-01 00:25:03,612 [WARN] ModelIntegratedComponent:63 - No mode defined for component null
2026-04-01 00:25:03,613 [WARN] ModelIntegratedComponent:63 - No mode defined for component null
2026-04-01 00:25:03,613 [WARN] ModelIntegratedComponent:63 - No mode defined for component null
2026-04-01 00:25:03,613 [WARN] ModelIntegratedComponent:63 - No mode defined for component null
2026-04-01 00:25:03,613 [WARN] ModelIntegratedComponent:63 - No mode defined for component null
2026-04-01 00:25:03,613 [WARN] ModelIntegratedComponent:63 - No mode defined for component null
2026-04-01 00:25:03,613 [WARN] ModelIntegratedComponent:63 - No mode defined for component null
2026-04-01 00:25:03,613 [WARN] ModelIntegratedComponent:63 - No mode defined for component null
2026-04-01 00:25:03,613 [WARN] ModelIntegratedComponent:63 - No mode defined for component null
2026-04-01 00:25:03,613 [WARN] ModelPack:524 - Component already loaded: STMicroelectronics:HAL Drivers:0.0.0:STMicroelectronics:Device:STMicro_Driver:XSPI:HAL::0.0.1:HAL_XSPI
2026-04-01 00:25:04,525 [INFO] ThirdPartyModel:298 - Start build external matchings
2026-04-01 00:25:07,241 [INFO] ThirdPartyModel:316 - End build external matchings
2026-04-01 00:25:07,921 [INFO] UtilMem:75 - End LoadConfig() Used Memory: 931919896 Bytes (1073741824)
2026-04-01 00:25:08,029 [WARN] ThirdParty:833 - waiting for thirdparty lock release [change project]
2026-04-01 00:25:08,037 [INFO] ThirdParty:835 - entering critical section [change project]
2026-04-01 00:25:08,040 [INFO] ThirdParty:1030 - CMSIS Pack Vendor :STMicroelectronics X-CUBE-AZRTOS-H7 3.5.0
2026-04-01 00:25:08,041 [INFO] ThirdParty:1030 - CMSIS Pack Vendor :STMicroelectronics X-CUBE-PM33A1 1.0.0
2026-04-01 00:25:08,042 [INFO] ThirdParty:1030 - CMSIS Pack Vendor :STMicroelectronics USBPD 4.1
2026-04-01 00:25:08,042 [INFO] ThirdParty:1030 - CMSIS Pack Vendor :STMicroelectronics USB_HOST 2.0.0
2026-04-01 00:25:08,042 [INFO] ThirdParty:1030 - CMSIS Pack Vendor :STMicroelectronics FP-SNS-MOTENVWB1 1.4.0
2026-04-01 00:25:08,043 [INFO] ThirdParty:1030 - CMSIS Pack Vendor :STMicroelectronics X-CUBE-AZRTOS-F4 1.1.0
2026-04-01 00:25:08,043 [INFO] ThirdParty:1030 - CMSIS Pack Vendor :STMicroelectronics LIBJPEG 8.0.0
2026-04-01 00:25:08,043 [INFO] ThirdParty:1030 - CMSIS Pack Vendor :STMicroelectronics FP-ATR-ASTRA1 2.0.2
2026-04-01 00:25:08,043 [INFO] ThirdParty:1030 - CMSIS Pack Vendor :STMicroelectronics FP-ATR-ASTRA1 2.0.1
2026-04-01 00:25:08,043 [INFO] ThirdParty:1030 - CMSIS Pack Vendor :Avnet-IotConnect X-CUBE-IoTC-DA16k-PMOD 1.0.0
2026-04-01 00:25:08,043 [INFO] ThirdParty:1030 - CMSIS Pack Vendor :STMicroelectronics X-CUBE-SMBUS 2.1.0
2026-04-01 00:25:08,043 [INFO] ThirdParty:1030 - CMSIS Pack Vendor :STMicroelectronics X-CUBE-WB05N 1.1.0
2026-04-01 00:25:08,043 [INFO] ThirdParty:1030 - CMSIS Pack Vendor :STMicroelectronics X-CUBE-ISPU 2.1.0
2026-04-01 00:25:08,043 [INFO] ThirdParty:1030 - CMSIS Pack Vendor :STMicroelectronics X-CUBE-NFC12 1.0.0
2026-04-01 00:25:08,044 [INFO] ThirdParty:1030 - CMSIS Pack Vendor :STMicroelectronics X-CUBE-AZRTOS-F7 1.1.0
2026-04-01 00:25:08,044 [INFO] ThirdParty:1030 - CMSIS Pack Vendor :STMicroelectronics X-CUBE-AZRTOS-L5 2.0.0
2026-04-01 00:25:08,044 [INFO] ThirdParty:1030 - CMSIS Pack Vendor :STMicroelectronics USB_DEVICE 2.0.0
2026-04-01 00:25:08,044 [INFO] ThirdParty:1030 - CMSIS Pack Vendor :STMicroelectronics X-CUBE-NFC6 3.1.0
2026-04-01 00:25:08,044 [INFO] ThirdParty:1030 - CMSIS Pack Vendor :STMicroelectronics FreeRTOS 0.0.1
2026-04-01 00:25:08,044 [INFO] ThirdParty:1030 - CMSIS Pack Vendor :STMicroelectronics X-CUBE-DPower 1.2.0
2026-04-01 00:25:08,044 [INFO] ThirdParty:1030 - CMSIS Pack Vendor :STMicroelectronics FP-SNS-FLIGHT1 5.0.2
2026-04-01 00:25:08,044 [INFO] ThirdParty:1030 - CMSIS Pack Vendor :Infineon AIROC-Wi-Fi-Bluetooth-STM32 1.7.0
2026-04-01 00:25:08,044 [INFO] ThirdParty:1030 - CMSIS Pack Vendor :STMicroelectronics PDM2PCM 3.3.0
2026-04-01 00:25:08,044 [INFO] ThirdParty:1030 - CMSIS Pack Vendor :STMicroelectronics X-CUBE-AZRTOS-H7 3.4.0
2026-04-01 00:25:08,044 [INFO] ThirdParty:1030 - CMSIS Pack Vendor :STMicroelectronics X-CUBE-DISPLAY 3.0.0
2026-04-01 00:25:08,045 [INFO] ThirdParty:1030 - CMSIS Pack Vendor :STMicroelectronics X-CUBE-BLE1 7.0.0
2026-04-01 00:25:08,045 [INFO] ThirdParty:1030 - CMSIS Pack Vendor :STMicroelectronics X-CUBE-NFC10 1.0.0
2026-04-01 00:25:08,046 [INFO] ThirdParty:1030 - CMSIS Pack Vendor :STMicroelectronics X-CUBE-BLEMGR 4.0.0
2026-04-01 00:25:08,046 [INFO] ThirdParty:1030 - CMSIS Pack Vendor :STMicroelectronics HAL Drivers 0.0.0
2026-04-01 00:25:08,046 [INFO] ThirdParty:1030 - CMSIS Pack Vendor :STMicroelectronics X-CUBE-ST60 1.1.0
2026-04-01 00:25:08,046 [INFO] ThirdParty:1030 - CMSIS Pack Vendor :emotas I-CUBE-CANOPEN 1.3.0
2026-04-01 00:25:08,048 [INFO] ThirdParty:1030 - CMSIS Pack Vendor :STMicroelectronics X-CUBE-FREERTOS 1.3.0
2026-04-01 00:25:08,048 [INFO] ThirdParty:1030 - CMSIS Pack Vendor :STMicroelectronics X-CUBE-NFC7 1.0.1
2026-04-01 00:25:08,048 [INFO] ThirdParty:1030 - CMSIS Pack Vendor :STMicroelectronics MBEDTLS 2.14.1
2026-04-01 00:25:08,048 [INFO] ThirdParty:1030 - CMSIS Pack Vendor :STMicroelectronics X-CUBE-GNSS1 7.1.0
2026-04-01 00:25:08,048 [INFO] ThirdParty:1030 - CMSIS Pack Vendor :STMicroelectronics X-CUBE-TOUCHGFX 4.26.0
2026-04-01 00:25:08,049 [INFO] ThirdParty:1030 - CMSIS Pack Vendor :STMicroelectronics X-CUBE-TOUCHGFX 4.26.1
2026-04-01 00:25:08,051 [INFO] ThirdParty:1030 - CMSIS Pack Vendor :STMicroelectronics X-CUBE-AI 10.0.0
2026-04-01 00:25:08,051 [INFO] ThirdParty:1030 - CMSIS Pack Vendor :STMicroelectronics FP-SNS-STAIOTCFT 1.0.0
2026-04-01 00:25:08,051 [INFO] ThirdParty:1030 - CMSIS Pack Vendor :STMicroelectronics FP-SNS-SMARTAG2 1.2.0
2026-04-01 00:25:08,051 [INFO] ThirdParty:1030 - CMSIS Pack Vendor :STMicroelectronics FP-SNS-FLIGHT1 5.1.0
2026-04-01 00:25:08,052 [INFO] ThirdParty:1030 - CMSIS Pack Vendor :STMicroelectronics X-CUBE-MEMS1 11.1.0
2026-04-01 00:25:08,052 [INFO] ThirdParty:1030 - CMSIS Pack Vendor :STMicroelectronics X-CUBE-AZRTOS-WL 2.0.0
2026-04-01 00:25:08,052 [INFO] ThirdParty:1030 - CMSIS Pack Vendor :STMicroelectronics X-CUBE-DPower 1.3.0
2026-04-01 00:25:08,052 [INFO] ThirdParty:1030 - CMSIS Pack Vendor :STMicroelectronics FP-SNS-MOTENV1 5.0.0
2026-04-01 00:25:08,053 [INFO] ThirdParty:1030 - CMSIS Pack Vendor :STMicroelectronics USB_DEVICE 1.0.0
2026-04-01 00:25:08,053 [INFO] ThirdParty:1030 - CMSIS Pack Vendor :STMicroelectronics X-CUBE-AZRTOS-H7RS 1.2.0
2026-04-01 00:25:08,053 [INFO] ThirdParty:1030 - CMSIS Pack Vendor :wolfSSL I-CUBE-wolfMQTT 1.19.0
2026-04-01 00:25:08,053 [INFO] ThirdParty:1030 - CMSIS Pack Vendor :STMicroelectronics X-CUBE-AZRTOS-L4 2.0.0
2026-04-01 00:25:08,053 [INFO] ThirdParty:1030 - CMSIS Pack Vendor :STMicroelectronics ThreadX 0.0.2
2026-04-01 00:25:08,053 [INFO] ThirdParty:1030 - CMSIS Pack Vendor :WES I-CUBE-Cesium 1.3.0
2026-04-01 00:25:08,053 [INFO] ThirdParty:1030 - CMSIS Pack Vendor :STMicroelectronics lwIP 2.1.2
2026-04-01 00:25:08,054 [INFO] ThirdParty:1030 - CMSIS Pack Vendor :STMicroelectronics X-CUBE-SFXS2LP1 4.0.0
2026-04-01 00:25:08,055 [INFO] ThirdParty:1030 - CMSIS Pack Vendor :STMicroelectronics X-CUBE-BLE2 3.3.0
2026-04-01 00:25:08,055 [INFO] ThirdParty:1030 - CMSIS Pack Vendor :Avnet-IOTCONNECT X-CUBE-iotc-st67-sdk 1.0.0
2026-04-01 00:25:08,055 [INFO] ThirdParty:1030 - CMSIS Pack Vendor :STMicroelectronics PDM2PCM 3.2.0
2026-04-01 00:25:08,055 [INFO] ThirdParty:1030 - CMSIS Pack Vendor :STMicroelectronics X-CUBE-AZRTOS-H7 3.3.0
2026-04-01 00:25:08,055 [INFO] ThirdParty:1030 - CMSIS Pack Vendor :STMicroelectronics X-CUBE-NFC9 1.0.0
2026-04-01 00:25:08,055 [INFO] ThirdParty:1030 - CMSIS Pack Vendor :STMicroelectronics X-CUBE-BLE1 7.1.0
2026-04-01 00:25:08,055 [INFO] ThirdParty:1030 - CMSIS Pack Vendor :STMicroelectronics USB_DEVICE 3.0.0
2026-04-01 00:25:08,055 [INFO] ThirdParty:1030 - CMSIS Pack Vendor :STMicroelectronics X-CUBE-EEPRMA1 5.2.0
2026-04-01 00:25:08,055 [INFO] ThirdParty:1030 - CMSIS Pack Vendor :STMicroelectronics X-CUBE-BLEMGR 4.1.0
2026-04-01 00:25:08,056 [INFO] ThirdParty:1030 - CMSIS Pack Vendor :STMicroelectronics X-CUBE-AZRTOS-WB 2.0.0
2026-04-01 00:25:08,058 [INFO] ThirdParty:1030 - CMSIS Pack Vendor :STMicroelectronics X-CUBE-GNSS1 7.0.1
2026-04-01 00:25:08,059 [INFO] ThirdParty:1030 - CMSIS Pack Vendor :STMicroelectronics X-CUBE-TOUCHGFX 4.25.0
2026-04-01 00:25:08,059 [INFO] ThirdParty:1030 - CMSIS Pack Vendor :STMicroelectronics FP-SNS-STBOX1 2.0.0
2026-04-01 00:25:08,059 [INFO] ThirdParty:1030 - CMSIS Pack Vendor :STMicroelectronics X-CUBE-MEMS1 12.0.0
2026-04-01 00:25:08,059 [INFO] ThirdParty:1030 - CMSIS Pack Vendor :STMicroelectronics X-CUBE-STSE01 2.0.0
2026-04-01 00:25:08,059 [INFO] ThirdParty:1030 - CMSIS Pack Vendor :STMicroelectronics X-CUBE-MEMS1 11.2.0
2026-04-01 00:25:08,059 [INFO] ThirdParty:1030 - CMSIS Pack Vendor :STMicroelectronics X-CUBE-AZRTOS-G0 1.1.0
2026-04-01 00:25:08,059 [INFO] ThirdParty:1030 - CMSIS Pack Vendor :STMicroelectronics X-CUBE-SAFEA1 1.2.2
2026-04-01 00:25:08,059 [INFO] ThirdParty:1030 - CMSIS Pack Vendor :STMicroelectronics X-CUBE-NFC4 3.0.0
2026-04-01 00:25:08,059 [INFO] ThirdParty:1030 - CMSIS Pack Vendor :STMicroelectronics X-CUBE-SUBG2 5.0.0
2026-04-01 00:25:08,059 [INFO] ThirdParty:1030 - CMSIS Pack Vendor :STMicroelectronics X-CUBE-AZRTOS-H7RS 1.1.0
2026-04-01 00:25:08,059 [INFO] ThirdParty:1030 - CMSIS Pack Vendor :STMicroelectronics STM32_WPAN 1.0.0
2026-04-01 00:25:08,059 [INFO] ThirdParty:1030 - CMSIS Pack Vendor :EmbeddedOffice I-CUBE-FS-RTOS 1.0.1
2026-04-01 00:25:08,059 [INFO] ThirdParty:1030 - CMSIS Pack Vendor :STMicroelectronics lwIP 2.0.3
2026-04-01 00:25:08,059 [INFO] ThirdParty:1030 - CMSIS Pack Vendor :Cesanta I-CUBE-Mongoose 7.13.0
2026-04-01 00:25:08,059 [INFO] ThirdParty:1030 - CMSIS Pack Vendor :STMicroelectronics USB_HOST 1.0.0
2026-04-01 00:25:08,060 [INFO] ThirdParty:1030 - CMSIS Pack Vendor :STMicroelectronics X-CUBE-AZRTOS-G4 2.0.0
2026-04-01 00:25:08,060 [INFO] ThirdParty:1030 - CMSIS Pack Vendor :STMicroelectronics X-CUBE-WB05N 2.0.0
2026-04-01 00:25:08,060 [INFO] ThirdParty:1030 - CMSIS Pack Vendor :STMicroelectronics PDM2PCM 3.1.0
2026-04-01 00:25:08,060 [INFO] ThirdParty:1030 - CMSIS Pack Vendor :STMicroelectronics X-CUBE-NFC7 2.0.0
2026-04-01 00:25:08,060 [INFO] ThirdParty:1030 - CMSIS Pack Vendor :STMicroelectronics X-CUBE-TCPP 4.2.0
2026-04-01 00:25:08,061 [INFO] ThirdParty:1030 - CMSIS Pack Vendor :RealThread X-CUBE-RT-Thread_Nano 4.1.1
2026-04-01 00:25:08,061 [INFO] ThirdParty:1030 - CMSIS Pack Vendor :STMicroelectronics FP-ATR-SIGFOX1 3.2.0
2026-04-01 00:25:08,061 [INFO] ThirdParty:1030 - CMSIS Pack Vendor :quantropi X-CUBE-qispace-sdk-base 1.9.3
2026-04-01 00:25:08,061 [INFO] ThirdParty:1030 - CMSIS Pack Vendor :STMicroelectronics X-CUBE-EEPRMA1 5.1.0
2026-04-01 00:25:08,061 [INFO] ThirdParty:1030 - CMSIS Pack Vendor :STMicroelectronics MBEDTLS 2.16.2
2026-04-01 00:25:08,061 [INFO] ThirdParty:1030 - CMSIS Pack Vendor :STMicroelectronics X-CUBE-IPS 3.1.0
2026-04-01 00:25:08,061 [INFO] ThirdParty:1030 - CMSIS Pack Vendor :STMicroelectronics X-CUBE-ALS 1.0.2
2026-04-01 00:25:08,061 [INFO] ThirdParty:1030 - CMSIS Pack Vendor :wolfSSL I-CUBE-wolfSSL 5.7.4
2026-04-01 00:25:08,061 [INFO] ThirdParty:1030 - CMSIS Pack Vendor :ITTIA_DB I-CUBE-ITTIADB 8.9.0
2026-04-01 00:25:08,061 [INFO] ThirdParty:1030 - CMSIS Pack Vendor :STMicroelectronics X-CUBE-TOUCHGFX 4.24.2
2026-04-01 00:25:08,061 [INFO] ThirdParty:1030 - CMSIS Pack Vendor :wolfSSL I-CUBE-wolfTPM 3.4.0
2026-04-01 00:25:08,061 [INFO] ThirdParty:1030 - CMSIS Pack Vendor :portGmbH I-Cube-SoM-uGOAL 1.1.0
2026-04-01 00:25:08,062 [INFO] ThirdParty:1030 - CMSIS Pack Vendor :STMicroelectronics X-CUBE-NFC6 3.2.0
2026-04-01 00:25:08,062 [INFO] ThirdParty:1030 - CMSIS Pack Vendor :STMicroelectronics X-CUBE-AI 10.2.0
2026-04-01 00:25:08,062 [INFO] ThirdParty:1030 - CMSIS Pack Vendor :STMicroelectronics ThreadX 1.0.0
2026-04-01 00:25:08,062 [INFO] ThirdParty:1030 - CMSIS Pack Vendor :SEGGER I-CUBE-embOS 1.3.1
2026-04-01 00:25:08,062 [INFO] ThirdParty:1030 - CMSIS Pack Vendor :STMicroelectronics X-CUBE-ALGOBUILD 1.4.0
2026-04-01 00:25:08,062 [INFO] ThirdParty:1030 - CMSIS Pack Vendor :STMicroelectronics X-CUBE-AZRTOS-H7RS 1.0.0
2026-04-01 00:25:08,062 [INFO] ThirdParty:1030 - CMSIS Pack Vendor :STMicroelectronics X-CUBE-TOF1 3.4.2
2026-04-01 00:25:08,062 [INFO] ThirdParty:1030 - CMSIS Pack Vendor :STMicroelectronics X-CUBE-TOF1 3.4.3
2026-04-01 00:25:08,062 [INFO] ThirdParty:1030 - CMSIS Pack Vendor :STMicroelectronics X-CUBE-AI 9.1.0
2026-04-01 00:25:08,062 [INFO] ThirdParty:1030 - CMSIS Pack Vendor :wolfSSL I-CUBE-wolfSSH 1.4.17
2026-04-01 00:25:08,063 [INFO] ThirdParty:841 - exiting critical section [change project]
2026-04-01 00:25:08,485 [INFO] PinOutPanel:1589 - setPackage(No Configuration,No Configuration)
2026-04-01 00:25:08,488 [INFO] PinOutPanel:1589 - setPackage(STM32F103C8Tx,LQFP48)
2026-04-01 00:25:09,315 [INFO] UtilMem:75 - Before build in PCC Used Memory: 770291200 Bytes (1073741824)
2026-04-01 00:25:10,269 [INFO] UtilMem:75 - After build in PCC Used Memory: 813805056 Bytes (1073741824)
2026-04-01 00:25:10,321 [INFO] IPUIPlugin:80 - create IPUIPlugin
2026-04-01 00:25:10,321 [INFO] IPUIPlugin:80 - create IPUIPlugin
2026-04-01 00:25:10,322 [INFO] IPUIPlugin:80 - create IPUIPlugin
2026-04-01 00:25:10,323 [INFO] IPUIPlugin:80 - create IPUIPlugin
2026-04-01 00:25:10,324 [INFO] IPUIPlugin:80 - create IPUIPlugin
2026-04-01 00:25:10,325 [INFO] IPUIPlugin:80 - create IPUIPlugin
2026-04-01 00:25:10,327 [INFO] IPUIPlugin:80 - create IPUIPlugin
2026-04-01 00:25:10,328 [INFO] IPUIPlugin:80 - create IPUIPlugin
2026-04-01 00:25:10,328 [INFO] IPUIPlugin:80 - create IPUIPlugin
2026-04-01 00:25:10,328 [INFO] IPUIPlugin:80 - create IPUIPlugin
2026-04-01 00:25:10,328 [INFO] IPUIPlugin:80 - create IPUIPlugin
2026-04-01 00:25:10,329 [INFO] IPUIPlugin:80 - create IPUIPlugin
2026-04-01 00:25:10,329 [INFO] IPUIPlugin:80 - create IPUIPlugin
2026-04-01 00:25:10,329 [INFO] IPUIPlugin:80 - create IPUIPlugin
2026-04-01 00:25:10,330 [INFO] IPUIPlugin:80 - create IPUIPlugin
2026-04-01 00:25:10,330 [INFO] IPUIPlugin:80 - create IPUIPlugin
2026-04-01 00:25:10,331 [INFO] IPUIPlugin:80 - create IPUIPlugin
2026-04-01 00:25:10,331 [INFO] IPUIPlugin:80 - create IPUIPlugin
2026-04-01 00:25:10,331 [INFO] IPUIPlugin:80 - create IPUIPlugin
2026-04-01 00:25:10,331 [INFO] IPUIPlugin:80 - create IPUIPlugin
2026-04-01 00:25:10,331 [INFO] IPUIPlugin:80 - create IPUIPlugin
2026-04-01 00:25:10,332 [INFO] IPUIPlugin:80 - create IPUIPlugin
2026-04-01 00:25:10,332 [INFO] IPUIPlugin:80 - create IPUIPlugin
2026-04-01 00:25:10,332 [INFO] IPUIPlugin:80 - create IPUIPlugin
2026-04-01 00:25:10,333 [INFO] IPUIPlugin:80 - create IPUIPlugin
2026-04-01 00:25:10,333 [INFO] IPUIPlugin:80 - create IPUIPlugin
2026-04-01 00:25:10,334 [INFO] IPUIPlugin:80 - create IPUIPlugin
2026-04-01 00:25:10,510 [INFO] CADModel:165 - CPN selected for project levelSTM32F103C8T6
2026-04-01 00:25:10,510 [INFO] CADModel:114 - Register for checkConnection events
2026-04-01 00:25:10,584 [INFO] OpenFileManager:363 - Restore cursor
2026-04-01 00:25:45,128 [INFO] MainUpdater:2872 - connection check result : 10
2026-04-01 00:25:45,128 [INFO] MainUpdater:2872 - connection check result : 10
2026-04-01 00:25:45,227 [INFO] MicroXplorer:468 - Change Database Path : 
2026-04-01 00:25:45,227 [INFO] MicroXplorer:498 - Change Database Version : DB.6.0.130
2026-04-01 00:25:45,244 [ERROR] ProjectManagerView:394 - 
java.lang.NullPointerException: Cannot invoke "javax.swing.JTextField.getText()" because the return value of "java.util.List.get(int)" is null
	at com.st.microxplorer.plugins.projectmanager.gui.ProjectChoiceTab$9.caretUpdate(ProjectChoiceTab.java:2616) ~[filemanager.jar:?]
	at javax.swing.text.JTextComponent.fireCaretUpdate(JTextComponent.java:408) ~[?:?]
	at javax.swing.text.JTextComponent$MutableCaretEvent.fire(JTextComponent.java:4484) ~[?:?]
	at javax.swing.text.JTextComponent$MutableCaretEvent.stateChanged(JTextComponent.java:4506) ~[?:?]
	at javax.swing.text.DefaultCaret.fireStateChanged(DefaultCaret.java:857) ~[?:?]
	at javax.swing.text.DefaultCaret.changeCaretPosition(DefaultCaret.java:1343) ~[?:?]
	at javax.swing.text.DefaultCaret.handleSetDot(DefaultCaret.java:1242) ~[?:?]
	at javax.swing.text.DefaultCaret.setDot(DefaultCaret.java:1223) ~[?:?]
	at javax.swing.text.DefaultCaret$Handler.insertUpdate(DefaultCaret.java:1819) ~[?:?]
	at javax.swing.text.AbstractDocument.fireInsertUpdate(AbstractDocument.java:227) ~[?:?]
	at javax.swing.text.AbstractDocument.handleInsertString(AbstractDocument.java:781) ~[?:?]
	at javax.swing.text.AbstractDocument.insertString(AbstractDocument.java:740) ~[?:?]
	at javax.swing.text.PlainDocument.insertString(PlainDocument.java:131) ~[?:?]
	at javax.swing.text.AbstractDocument.replace(AbstractDocument.java:699) ~[?:?]
	at javax.swing.text.JTextComponent.setText(JTextComponent.java:1725) ~[?:?]
	at com.st.microxplorer.plugins.projectmanager.gui.ProjectChoiceTab.createHeapStackFields(ProjectChoiceTab.java:975) ~[filemanager.jar:?]
	at com.st.microxplorer.plugins.projectmanager.gui.ProjectChoiceTab.buildLinkSettingsPanel(ProjectChoiceTab.java:3666) ~[filemanager.jar:?]
	at com.st.microxplorer.plugins.projectmanager.gui.ProjectChoiceTab.defineWindowsFields(ProjectChoiceTab.java:1934) ~[filemanager.jar:?]
	at com.st.microxplorer.plugins.projectmanager.gui.ProjectChoiceTab.updateSettings(ProjectChoiceTab.java:553) ~[filemanager.jar:?]
	at com.st.microxplorer.plugins.projectmanager.gui.ProjectSettingsPanel.UpdateDialog(ProjectSettingsPanel.java:245) ~[filemanager.jar:?]
	at com.st.microxplorer.plugins.projectmanager.ProjectManagerView.propertyChange(ProjectManagerView.java:391) ~[filemanager.jar:?]
	at java.beans.PropertyChangeSupport.fire(PropertyChangeSupport.java:343) ~[?:?]
	at java.beans.PropertyChangeSupport.firePropertyChange(PropertyChangeSupport.java:335) ~[?:?]
	at java.beans.PropertyChangeSupport.firePropertyChange(PropertyChangeSupport.java:268) ~[?:?]
	at com.st.microxplorer.util.MXPropertyChangeSupport.firePropertyChange(MXPropertyChangeSupport.java:54) ~[STM32CubeMX.jar:?]
	at com.st.microxplorer.mxsystem.MxSystem.closeConfig(MxSystem.java:899) ~[STM32CubeMX.jar:?]
	at com.st.microxplorer.maingui.MainPanel.closeConfig(MainPanel.java:789) ~[STM32CubeMX.jar:?]
	at com.st.microxplorer.plugins.filemanager.engine.OpenFileManager.loadConfigurationFile(OpenFileManager.java:265) ~[filemanager.jar:?]
	at com.st.microxplorer.plugins.filemanager.engine.MainFileManager.userLoadConfig(MainFileManager.java:340) ~[filemanager.jar:?]
	at com.st.microxplorer.plugins.filemanager.engine.MainFileManager.userLoadConfig(MainFileManager.java:318) ~[filemanager.jar:?]
	at com.st.microxplorer.plugins.filemanager.FileManagerView.getSpecificTask(FileManagerView.java:246) ~[filemanager.jar:?]
	at com.st.stm32cube.common.mx.editor.CubeMxEditor.getMxTabbedPaneInstance(CubeMxEditor.java:1198) ~[com.st.stm32cube.common.mx_6.13.0.202411220809/:?]
	at com.st.stm32cube.common.mx.editor.CubeMxEditor$12$1.createSwingComponent(CubeMxEditor.java:1068) ~[com.st.stm32cube.common.mx_6.13.0.202411220809/:?]
	at com.st.stm32cube.common.mx.oss.core.awtswtbridge.EmbeddedSwingComposite.doComponentCreation(EmbeddedSwingComposite.java:492) ~[com.st.stm32cube.common.mx.oss_6.13.0.202411220809/:?]
	at com.st.stm32cube.common.mx.oss.core.awtswtbridge.EmbeddedSwingComposite$4.run(EmbeddedSwingComposite.java:291) ~[com.st.stm32cube.common.mx.oss_6.13.0.202411220809/:?]
	at com.st.stm32cube.common.mx.oss.core.awtswtbridge.AwtEnvironment$2.run(AwtEnvironment.java:166) ~[com.st.stm32cube.common.mx.oss_6.13.0.202411220809/:?]
	at java.awt.event.InvocationEvent.dispatch(InvocationEvent.java:318) ~[?:?]
	at java.awt.EventQueue.dispatchEventImpl(EventQueue.java:773) ~[?:?]
	at java.awt.EventQueue$4.run(EventQueue.java:720) ~[?:?]
	at java.awt.EventQueue$4.run(EventQueue.java:714) ~[?:?]
	at java.security.AccessController.doPrivileged(AccessController.java:400) ~[?:?]
	at java.security.ProtectionDomain$JavaSecurityAccessImpl.doIntersectionPrivilege(ProtectionDomain.java:87) ~[?:?]
	at java.awt.EventQueue.dispatchEvent(EventQueue.java:742) ~[?:?]
	at java.awt.EventDispatchThread.pumpOneEventForFilters(EventDispatchThread.java:203) ~[?:?]
	at java.awt.EventDispatchThread.pumpEventsForFilter(EventDispatchThread.java:124) ~[?:?]
	at java.awt.EventDispatchThread.pumpEventsForHierarchy(EventDispatchThread.java:113) ~[?:?]
	at java.awt.EventDispatchThread.pumpEvents(EventDispatchThread.java:109) ~[?:?]
	at java.awt.EventDispatchThread.pumpEvents(EventDispatchThread.java:101) ~[?:?]
	at java.awt.EventDispatchThread.run(EventDispatchThread.java:90) ~[?:?]
2026-04-01 00:25:45,245 [WARN] ThirdParty:871 - waiting for thirdparty lock release [close project]
2026-04-01 00:25:45,246 [INFO] ThirdParty:873 - entering critical section [close project]
2026-04-01 00:25:45,246 [INFO] ThirdParty:883 - exiting critical section [close project]
2026-04-01 00:25:45,247 [INFO] PinOutPanel:1589 - setPackage(No Configuration,No Configuration)
2026-04-01 00:25:45,253 [INFO] UtilMem:75 - Begin LoadConfig() Used Memory: 811925984 Bytes (1073741824)
2026-04-01 00:25:45,254 [INFO] MicroXplorer:468 - Change Database Path : 
2026-04-01 00:25:45,254 [INFO] MicroXplorer:498 - Change Database Version : DB.6.0.130
2026-04-01 00:25:45,254 [INFO] OpenFileManager:332 - Change cursor
2026-04-01 00:25:45,263 [INFO] Mcu:2035 - Initializing MCU STM32F103C(8-B)Tx STM32F103C8Tx STM32F103C8T6
2026-04-01 00:25:46,231 [INFO] Context:748 - Trying to add GPIOservice into a context  which must be forbidden
2026-04-01 00:25:46,462 [INFO] RtosManager:555 - Registered RTOS mode: class=CMSIS, group=RTOS, mode=CMSIS_V1, owner=FREERTOS
2026-04-01 00:25:46,462 [INFO] RtosManager:555 - Registered RTOS mode: class=CMSIS, group=RTOS2, mode=CMSIS_V2, owner=FREERTOS
2026-04-01 00:25:46,462 [INFO] RtosManager:555 - Registered RTOS mode: class=RTOS, group=Core, mode=CMSIS_V1, owner=FREERTOS
2026-04-01 00:25:46,462 [INFO] RtosManager:555 - Registered RTOS mode: class=RTOS, group=Core, mode=CMSIS_V2, owner=FREERTOS
2026-04-01 00:25:46,462 [WARN] ModelIntegratedComponent:184 - Missing modes for component STMicroelectronics:FreeRTOS:0.0.1:STMicroelectronics:RTOS:FreeRTOS:Core:::10.2.0:
2026-04-01 00:25:46,469 [WARN] ModelIntegratedComponent:63 - No mode defined for component null
2026-04-01 00:25:46,470 [WARN] ModelIntegratedComponent:63 - No mode defined for component null
2026-04-01 00:25:46,470 [WARN] ModelIntegratedComponent:63 - No mode defined for component null
2026-04-01 00:25:46,470 [WARN] ModelIntegratedComponent:63 - No mode defined for component null
2026-04-01 00:25:46,470 [WARN] ModelIntegratedComponent:63 - No mode defined for component null
2026-04-01 00:25:46,470 [WARN] ModelIntegratedComponent:63 - No mode defined for component null
2026-04-01 00:25:46,470 [WARN] ModelIntegratedComponent:63 - No mode defined for component null
2026-04-01 00:25:46,470 [WARN] ModelIntegratedComponent:63 - No mode defined for component null
2026-04-01 00:25:46,470 [WARN] ModelIntegratedComponent:63 - No mode defined for component null
2026-04-01 00:25:46,470 [WARN] ModelIntegratedComponent:63 - No mode defined for component null
2026-04-01 00:25:46,470 [WARN] ModelIntegratedComponent:63 - No mode defined for component null
2026-04-01 00:25:46,470 [WARN] ModelIntegratedComponent:63 - No mode defined for component null
2026-04-01 00:25:46,470 [WARN] ModelIntegratedComponent:63 - No mode defined for component null
2026-04-01 00:25:46,470 [WARN] ModelIntegratedComponent:63 - No mode defined for component null
2026-04-01 00:25:46,470 [WARN] ModelIntegratedComponent:63 - No mode defined for component null
2026-04-01 00:25:46,470 [WARN] ModelIntegratedComponent:63 - No mode defined for component null
2026-04-01 00:25:46,471 [WARN] ModelIntegratedComponent:63 - No mode defined for component null
2026-04-01 00:25:46,471 [WARN] ModelIntegratedComponent:63 - No mode defined for component null
2026-04-01 00:25:46,471 [WARN] ModelIntegratedComponent:63 - No mode defined for component null
2026-04-01 00:25:46,471 [WARN] ModelIntegratedComponent:63 - No mode defined for component null
2026-04-01 00:25:46,471 [WARN] ModelIntegratedComponent:63 - No mode defined for component null
2026-04-01 00:25:46,471 [WARN] ModelIntegratedComponent:63 - No mode defined for component null
2026-04-01 00:25:46,471 [WARN] ModelIntegratedComponent:63 - No mode defined for component null
2026-04-01 00:25:46,471 [WARN] ModelIntegratedComponent:63 - No mode defined for component null
2026-04-01 00:25:46,471 [WARN] ModelIntegratedComponent:63 - No mode defined for component null
2026-04-01 00:25:46,471 [WARN] ModelIntegratedComponent:63 - No mode defined for component null
2026-04-01 00:25:46,471 [WARN] ModelIntegratedComponent:63 - No mode defined for component null
2026-04-01 00:25:46,471 [WARN] ModelIntegratedComponent:63 - No mode defined for component null
2026-04-01 00:25:46,471 [WARN] ModelIntegratedComponent:63 - No mode defined for component null
2026-04-01 00:25:46,471 [WARN] ModelIntegratedComponent:63 - No mode defined for component null
2026-04-01 00:25:46,471 [WARN] ModelIntegratedComponent:63 - No mode defined for component null
2026-04-01 00:25:46,471 [WARN] ModelIntegratedComponent:63 - No mode defined for component null
2026-04-01 00:25:46,471 [WARN] ModelIntegratedComponent:63 - No mode defined for component null
2026-04-01 00:25:46,472 [WARN] ModelIntegratedComponent:63 - No mode defined for component null
2026-04-01 00:25:46,472 [WARN] ModelIntegratedComponent:63 - No mode defined for component null
2026-04-01 00:25:46,472 [WARN] ModelPack:524 - Component already loaded: STMicroelectronics:HAL Drivers:0.0.0:STMicroelectronics:Device:STMicro_Driver:XSPI:HAL::0.0.1:HAL_XSPI
2026-04-01 00:25:46,914 [INFO] ThirdPartyModel:298 - Start build external matchings
2026-04-01 00:25:48,914 [INFO] ThirdPartyModel:316 - End build external matchings
2026-04-01 00:25:48,947 [INFO] ImportTextPane:218 - (OptionalMessage_ERROR) IP (RCC) : Parameter (ADCFreqValue) has invalid value (36000000)
2026-04-01 00:25:48,947 [INFO] ImportTextPane:218 - (OptionalMessage_ERROR) IP (RCC) : Invalid parameter (FamilyName)
2026-04-01 00:25:48,947 [INFO] ImportTextPane:218 - (OptionalMessage_ERROR) IP (RCC) : Parameter (MCOFreq_Value) has invalid value (72000000)
2026-04-01 00:25:48,948 [INFO] ImportTextPane:218 - (OptionalMessage_ERROR) IP (RCC) : Parameter (USBFreq_Value) has invalid value (72000000)
2026-04-01 00:25:49,271 [INFO] UtilMem:75 - End LoadConfig() Used Memory: 966763232 Bytes (1073741824)
2026-04-01 00:25:49,322 [WARN] ThirdParty:833 - waiting for thirdparty lock release [change project]
2026-04-01 00:25:49,323 [INFO] ThirdParty:835 - entering critical section [change project]
2026-04-01 00:25:49,324 [INFO] ThirdParty:1030 - CMSIS Pack Vendor :STMicroelectronics X-CUBE-AZRTOS-H7 3.5.0
2026-04-01 00:25:49,324 [INFO] ThirdParty:1030 - CMSIS Pack Vendor :STMicroelectronics X-CUBE-PM33A1 1.0.0
2026-04-01 00:25:49,324 [INFO] ThirdParty:1030 - CMSIS Pack Vendor :STMicroelectronics USBPD 4.1
2026-04-01 00:25:49,324 [INFO] ThirdParty:1030 - CMSIS Pack Vendor :STMicroelectronics USB_HOST 2.0.0
2026-04-01 00:25:49,324 [INFO] ThirdParty:1030 - CMSIS Pack Vendor :STMicroelectronics FP-SNS-MOTENVWB1 1.4.0
2026-04-01 00:25:49,324 [INFO] ThirdParty:1030 - CMSIS Pack Vendor :STMicroelectronics X-CUBE-AZRTOS-F4 1.1.0
2026-04-01 00:25:49,324 [INFO] ThirdParty:1030 - CMSIS Pack Vendor :STMicroelectronics LIBJPEG 8.0.0
2026-04-01 00:25:49,324 [INFO] ThirdParty:1030 - CMSIS Pack Vendor :STMicroelectronics FP-ATR-ASTRA1 2.0.2
2026-04-01 00:25:49,324 [INFO] ThirdParty:1030 - CMSIS Pack Vendor :STMicroelectronics FP-ATR-ASTRA1 2.0.1
2026-04-01 00:25:49,324 [INFO] ThirdParty:1030 - CMSIS Pack Vendor :Avnet-IotConnect X-CUBE-IoTC-DA16k-PMOD 1.0.0
2026-04-01 00:25:49,324 [INFO] ThirdParty:1030 - CMSIS Pack Vendor :STMicroelectronics X-CUBE-SMBUS 2.1.0
2026-04-01 00:25:49,324 [INFO] ThirdParty:1030 - CMSIS Pack Vendor :STMicroelectronics X-CUBE-WB05N 1.1.0
2026-04-01 00:25:49,324 [INFO] ThirdParty:1030 - CMSIS Pack Vendor :STMicroelectronics X-CUBE-ISPU 2.1.0
2026-04-01 00:25:49,324 [INFO] ThirdParty:1030 - CMSIS Pack Vendor :STMicroelectronics X-CUBE-NFC12 1.0.0
2026-04-01 00:25:49,324 [INFO] ThirdParty:1030 - CMSIS Pack Vendor :STMicroelectronics X-CUBE-AZRTOS-F7 1.1.0
2026-04-01 00:25:49,324 [INFO] ThirdParty:1030 - CMSIS Pack Vendor :STMicroelectronics X-CUBE-AZRTOS-L5 2.0.0
2026-04-01 00:25:49,324 [INFO] ThirdParty:1030 - CMSIS Pack Vendor :STMicroelectronics USB_DEVICE 2.0.0
2026-04-01 00:25:49,324 [INFO] ThirdParty:1030 - CMSIS Pack Vendor :STMicroelectronics X-CUBE-NFC6 3.1.0
2026-04-01 00:25:49,324 [INFO] ThirdParty:1030 - CMSIS Pack Vendor :STMicroelectronics FreeRTOS 0.0.1
2026-04-01 00:25:49,324 [INFO] ThirdParty:1030 - CMSIS Pack Vendor :STMicroelectronics X-CUBE-DPower 1.2.0
2026-04-01 00:25:49,324 [INFO] ThirdParty:1030 - CMSIS Pack Vendor :STMicroelectronics FP-SNS-FLIGHT1 5.0.2
2026-04-01 00:25:49,324 [INFO] ThirdParty:1030 - CMSIS Pack Vendor :Infineon AIROC-Wi-Fi-Bluetooth-STM32 1.7.0
2026-04-01 00:25:49,324 [INFO] ThirdParty:1030 - CMSIS Pack Vendor :STMicroelectronics PDM2PCM 3.3.0
2026-04-01 00:25:49,324 [INFO] ThirdParty:1030 - CMSIS Pack Vendor :STMicroelectronics X-CUBE-AZRTOS-H7 3.4.0
2026-04-01 00:25:49,324 [INFO] ThirdParty:1030 - CMSIS Pack Vendor :STMicroelectronics X-CUBE-DISPLAY 3.0.0
2026-04-01 00:25:49,324 [INFO] ThirdParty:1030 - CMSIS Pack Vendor :STMicroelectronics X-CUBE-BLE1 7.0.0
2026-04-01 00:25:49,324 [INFO] ThirdParty:1030 - CMSIS Pack Vendor :STMicroelectronics X-CUBE-NFC10 1.0.0
2026-04-01 00:25:49,324 [INFO] ThirdParty:1030 - CMSIS Pack Vendor :STMicroelectronics X-CUBE-BLEMGR 4.0.0
2026-04-01 00:25:49,324 [INFO] ThirdParty:1030 - CMSIS Pack Vendor :STMicroelectronics HAL Drivers 0.0.0
2026-04-01 00:25:49,324 [INFO] ThirdParty:1030 - CMSIS Pack Vendor :STMicroelectronics X-CUBE-ST60 1.1.0
2026-04-01 00:25:49,324 [INFO] ThirdParty:1030 - CMSIS Pack Vendor :emotas I-CUBE-CANOPEN 1.3.0
2026-04-01 00:25:49,324 [INFO] ThirdParty:1030 - CMSIS Pack Vendor :STMicroelectronics X-CUBE-FREERTOS 1.3.0
2026-04-01 00:25:49,324 [INFO] ThirdParty:1030 - CMSIS Pack Vendor :STMicroelectronics X-CUBE-NFC7 1.0.1
2026-04-01 00:25:49,324 [INFO] ThirdParty:1030 - CMSIS Pack Vendor :STMicroelectronics MBEDTLS 2.14.1
2026-04-01 00:25:49,326 [INFO] ThirdParty:1030 - CMSIS Pack Vendor :STMicroelectronics X-CUBE-GNSS1 7.1.0
2026-04-01 00:25:49,326 [INFO] ThirdParty:1030 - CMSIS Pack Vendor :STMicroelectronics X-CUBE-TOUCHGFX 4.26.0
2026-04-01 00:25:49,326 [INFO] ThirdParty:1030 - CMSIS Pack Vendor :STMicroelectronics X-CUBE-TOUCHGFX 4.26.1
2026-04-01 00:25:49,326 [INFO] ThirdParty:1030 - CMSIS Pack Vendor :STMicroelectronics X-CUBE-AI 10.0.0
2026-04-01 00:25:49,326 [INFO] ThirdParty:1030 - CMSIS Pack Vendor :STMicroelectronics FP-SNS-STAIOTCFT 1.0.0
2026-04-01 00:25:49,326 [INFO] ThirdParty:1030 - CMSIS Pack Vendor :STMicroelectronics FP-SNS-SMARTAG2 1.2.0
2026-04-01 00:25:49,326 [INFO] ThirdParty:1030 - CMSIS Pack Vendor :STMicroelectronics FP-SNS-FLIGHT1 5.1.0
2026-04-01 00:25:49,326 [INFO] ThirdParty:1030 - CMSIS Pack Vendor :STMicroelectronics X-CUBE-MEMS1 11.1.0
2026-04-01 00:25:49,326 [INFO] ThirdParty:1030 - CMSIS Pack Vendor :STMicroelectronics X-CUBE-AZRTOS-WL 2.0.0
2026-04-01 00:25:49,326 [INFO] ThirdParty:1030 - CMSIS Pack Vendor :STMicroelectronics X-CUBE-DPower 1.3.0
2026-04-01 00:25:49,326 [INFO] ThirdParty:1030 - CMSIS Pack Vendor :STMicroelectronics FP-SNS-MOTENV1 5.0.0
2026-04-01 00:25:49,326 [INFO] ThirdParty:1030 - CMSIS Pack Vendor :STMicroelectronics USB_DEVICE 1.0.0
2026-04-01 00:25:49,326 [INFO] ThirdParty:1030 - CMSIS Pack Vendor :STMicroelectronics X-CUBE-AZRTOS-H7RS 1.2.0
2026-04-01 00:25:49,326 [INFO] ThirdParty:1030 - CMSIS Pack Vendor :wolfSSL I-CUBE-wolfMQTT 1.19.0
2026-04-01 00:25:49,326 [INFO] ThirdParty:1030 - CMSIS Pack Vendor :STMicroelectronics X-CUBE-AZRTOS-L4 2.0.0
2026-04-01 00:25:49,326 [INFO] ThirdParty:1030 - CMSIS Pack Vendor :STMicroelectronics ThreadX 0.0.2
2026-04-01 00:25:49,326 [INFO] ThirdParty:1030 - CMSIS Pack Vendor :WES I-CUBE-Cesium 1.3.0
2026-04-01 00:25:49,326 [INFO] ThirdParty:1030 - CMSIS Pack Vendor :STMicroelectronics lwIP 2.1.2
2026-04-01 00:25:49,326 [INFO] ThirdParty:1030 - CMSIS Pack Vendor :STMicroelectronics X-CUBE-SFXS2LP1 4.0.0
2026-04-01 00:25:49,326 [INFO] ThirdParty:1030 - CMSIS Pack Vendor :STMicroelectronics X-CUBE-BLE2 3.3.0
2026-04-01 00:25:49,326 [INFO] ThirdParty:1030 - CMSIS Pack Vendor :Avnet-IOTCONNECT X-CUBE-iotc-st67-sdk 1.0.0
2026-04-01 00:25:49,326 [INFO] ThirdParty:1030 - CMSIS Pack Vendor :STMicroelectronics PDM2PCM 3.2.0
2026-04-01 00:25:49,326 [INFO] ThirdParty:1030 - CMSIS Pack Vendor :STMicroelectronics X-CUBE-AZRTOS-H7 3.3.0
2026-04-01 00:25:49,326 [INFO] ThirdParty:1030 - CMSIS Pack Vendor :STMicroelectronics X-CUBE-NFC9 1.0.0
2026-04-01 00:25:49,326 [INFO] ThirdParty:1030 - CMSIS Pack Vendor :STMicroelectronics X-CUBE-BLE1 7.1.0
2026-04-01 00:25:49,326 [INFO] ThirdParty:1030 - CMSIS Pack Vendor :STMicroelectronics USB_DEVICE 3.0.0
2026-04-01 00:25:49,326 [INFO] ThirdParty:1030 - CMSIS Pack Vendor :STMicroelectronics X-CUBE-EEPRMA1 5.2.0
2026-04-01 00:25:49,326 [INFO] ThirdParty:1030 - CMSIS Pack Vendor :STMicroelectronics X-CUBE-BLEMGR 4.1.0
2026-04-01 00:25:49,326 [INFO] ThirdParty:1030 - CMSIS Pack Vendor :STMicroelectronics X-CUBE-AZRTOS-WB 2.0.0
2026-04-01 00:25:49,326 [INFO] ThirdParty:1030 - CMSIS Pack Vendor :STMicroelectronics X-CUBE-GNSS1 7.0.1
2026-04-01 00:25:49,326 [INFO] ThirdParty:1030 - CMSIS Pack Vendor :STMicroelectronics X-CUBE-TOUCHGFX 4.25.0
2026-04-01 00:25:49,326 [INFO] ThirdParty:1030 - CMSIS Pack Vendor :STMicroelectronics FP-SNS-STBOX1 2.0.0
2026-04-01 00:25:49,326 [INFO] ThirdParty:1030 - CMSIS Pack Vendor :STMicroelectronics X-CUBE-MEMS1 12.0.0
2026-04-01 00:25:49,326 [INFO] ThirdParty:1030 - CMSIS Pack Vendor :STMicroelectronics X-CUBE-STSE01 2.0.0
2026-04-01 00:25:49,326 [INFO] ThirdParty:1030 - CMSIS Pack Vendor :STMicroelectronics X-CUBE-MEMS1 11.2.0
2026-04-01 00:25:49,326 [INFO] ThirdParty:1030 - CMSIS Pack Vendor :STMicroelectronics X-CUBE-AZRTOS-G0 1.1.0
2026-04-01 00:25:49,326 [INFO] ThirdParty:1030 - CMSIS Pack Vendor :STMicroelectronics X-CUBE-SAFEA1 1.2.2
2026-04-01 00:25:49,326 [INFO] ThirdParty:1030 - CMSIS Pack Vendor :STMicroelectronics X-CUBE-NFC4 3.0.0
2026-04-01 00:25:49,326 [INFO] ThirdParty:1030 - CMSIS Pack Vendor :STMicroelectronics X-CUBE-SUBG2 5.0.0
2026-04-01 00:25:49,326 [INFO] ThirdParty:1030 - CMSIS Pack Vendor :STMicroelectronics X-CUBE-AZRTOS-H7RS 1.1.0
2026-04-01 00:25:49,326 [INFO] ThirdParty:1030 - CMSIS Pack Vendor :STMicroelectronics STM32_WPAN 1.0.0
2026-04-01 00:25:49,326 [INFO] ThirdParty:1030 - CMSIS Pack Vendor :EmbeddedOffice I-CUBE-FS-RTOS 1.0.1
2026-04-01 00:25:49,326 [INFO] ThirdParty:1030 - CMSIS Pack Vendor :STMicroelectronics lwIP 2.0.3
2026-04-01 00:25:49,326 [INFO] ThirdParty:1030 - CMSIS Pack Vendor :Cesanta I-CUBE-Mongoose 7.13.0
2026-04-01 00:25:49,326 [INFO] ThirdParty:1030 - CMSIS Pack Vendor :STMicroelectronics USB_HOST 1.0.0
2026-04-01 00:25:49,326 [INFO] ThirdParty:1030 - CMSIS Pack Vendor :STMicroelectronics X-CUBE-AZRTOS-G4 2.0.0
2026-04-01 00:25:49,326 [INFO] ThirdParty:1030 - CMSIS Pack Vendor :STMicroelectronics X-CUBE-WB05N 2.0.0
2026-04-01 00:25:49,326 [INFO] ThirdParty:1030 - CMSIS Pack Vendor :STMicroelectronics PDM2PCM 3.1.0
2026-04-01 00:25:49,326 [INFO] ThirdParty:1030 - CMSIS Pack Vendor :STMicroelectronics X-CUBE-NFC7 2.0.0
2026-04-01 00:25:49,326 [INFO] ThirdParty:1030 - CMSIS Pack Vendor :STMicroelectronics X-CUBE-TCPP 4.2.0
2026-04-01 00:25:49,326 [INFO] ThirdParty:1030 - CMSIS Pack Vendor :RealThread X-CUBE-RT-Thread_Nano 4.1.1
2026-04-01 00:25:49,326 [INFO] ThirdParty:1030 - CMSIS Pack Vendor :STMicroelectronics FP-ATR-SIGFOX1 3.2.0
2026-04-01 00:25:49,326 [INFO] ThirdParty:1030 - CMSIS Pack Vendor :quantropi X-CUBE-qispace-sdk-base 1.9.3
2026-04-01 00:25:49,326 [INFO] ThirdParty:1030 - CMSIS Pack Vendor :STMicroelectronics X-CUBE-EEPRMA1 5.1.0
2026-04-01 00:25:49,326 [INFO] ThirdParty:1030 - CMSIS Pack Vendor :STMicroelectronics MBEDTLS 2.16.2
2026-04-01 00:25:49,326 [INFO] ThirdParty:1030 - CMSIS Pack Vendor :STMicroelectronics X-CUBE-IPS 3.1.0
2026-04-01 00:25:49,326 [INFO] ThirdParty:1030 - CMSIS Pack Vendor :STMicroelectronics X-CUBE-ALS 1.0.2
2026-04-01 00:25:49,326 [INFO] ThirdParty:1030 - CMSIS Pack Vendor :wolfSSL I-CUBE-wolfSSL 5.7.4
2026-04-01 00:25:49,326 [INFO] ThirdParty:1030 - CMSIS Pack Vendor :ITTIA_DB I-CUBE-ITTIADB 8.9.0
2026-04-01 00:25:49,328 [INFO] ThirdParty:1030 - CMSIS Pack Vendor :STMicroelectronics X-CUBE-TOUCHGFX 4.24.2
2026-04-01 00:25:49,328 [INFO] ThirdParty:1030 - CMSIS Pack Vendor :wolfSSL I-CUBE-wolfTPM 3.4.0
2026-04-01 00:25:49,328 [INFO] ThirdParty:1030 - CMSIS Pack Vendor :portGmbH I-Cube-SoM-uGOAL 1.1.0
2026-04-01 00:25:49,328 [INFO] ThirdParty:1030 - CMSIS Pack Vendor :STMicroelectronics X-CUBE-NFC6 3.2.0
2026-04-01 00:25:49,328 [INFO] ThirdParty:1030 - CMSIS Pack Vendor :STMicroelectronics X-CUBE-AI 10.2.0
2026-04-01 00:25:49,328 [INFO] ThirdParty:1030 - CMSIS Pack Vendor :STMicroelectronics ThreadX 1.0.0
2026-04-01 00:25:49,328 [INFO] ThirdParty:1030 - CMSIS Pack Vendor :SEGGER I-CUBE-embOS 1.3.1
2026-04-01 00:25:49,328 [INFO] ThirdParty:1030 - CMSIS Pack Vendor :STMicroelectronics X-CUBE-ALGOBUILD 1.4.0
2026-04-01 00:25:49,328 [INFO] ThirdParty:1030 - CMSIS Pack Vendor :STMicroelectronics X-CUBE-AZRTOS-H7RS 1.0.0
2026-04-01 00:25:49,328 [INFO] ThirdParty:1030 - CMSIS Pack Vendor :STMicroelectronics X-CUBE-TOF1 3.4.2
2026-04-01 00:25:49,328 [INFO] ThirdParty:1030 - CMSIS Pack Vendor :STMicroelectronics X-CUBE-TOF1 3.4.3
2026-04-01 00:25:49,328 [INFO] ThirdParty:1030 - CMSIS Pack Vendor :STMicroelectronics X-CUBE-AI 9.1.0
2026-04-01 00:25:49,328 [INFO] ThirdParty:1030 - CMSIS Pack Vendor :wolfSSL I-CUBE-wolfSSH 1.4.17
2026-04-01 00:25:49,328 [INFO] ThirdParty:841 - exiting critical section [change project]
2026-04-01 00:25:49,505 [INFO] PinOutPanel:1589 - setPackage(No Configuration,No Configuration)
2026-04-01 00:25:49,508 [INFO] PinOutPanel:1589 - setPackage(STM32F103C8Tx,LQFP48)
2026-04-01 00:25:49,810 [INFO] UtilMem:75 - Before build in PCC Used Memory: 843864080 Bytes (1073741824)
2026-04-01 00:25:50,181 [INFO] UtilMem:75 - After build in PCC Used Memory: 885807544 Bytes (1073741824)
2026-04-01 00:25:50,229 [INFO] IPUIPlugin:80 - create IPUIPlugin
2026-04-01 00:25:50,230 [INFO] IPUIPlugin:80 - create IPUIPlugin
2026-04-01 00:25:50,230 [INFO] IPUIPlugin:80 - create IPUIPlugin
2026-04-01 00:25:50,231 [INFO] IPUIPlugin:80 - create IPUIPlugin
2026-04-01 00:25:50,231 [INFO] IPUIPlugin:80 - create IPUIPlugin
2026-04-01 00:25:50,231 [INFO] IPUIPlugin:80 - create IPUIPlugin
2026-04-01 00:25:50,231 [INFO] IPUIPlugin:80 - create IPUIPlugin
2026-04-01 00:25:50,231 [INFO] IPUIPlugin:80 - create IPUIPlugin
2026-04-01 00:25:50,231 [INFO] IPUIPlugin:80 - create IPUIPlugin
2026-04-01 00:25:50,231 [INFO] IPUIPlugin:80 - create IPUIPlugin
2026-04-01 00:25:50,231 [INFO] IPUIPlugin:80 - create IPUIPlugin
2026-04-01 00:25:50,232 [INFO] IPUIPlugin:80 - create IPUIPlugin
2026-04-01 00:25:50,232 [INFO] IPUIPlugin:80 - create IPUIPlugin
2026-04-01 00:25:50,233 [INFO] IPUIPlugin:80 - create IPUIPlugin
2026-04-01 00:25:50,233 [INFO] IPUIPlugin:80 - create IPUIPlugin
2026-04-01 00:25:50,233 [INFO] IPUIPlugin:80 - create IPUIPlugin
2026-04-01 00:25:50,233 [INFO] IPUIPlugin:80 - create IPUIPlugin
2026-04-01 00:25:50,233 [INFO] IPUIPlugin:80 - create IPUIPlugin
2026-04-01 00:25:50,233 [INFO] IPUIPlugin:80 - create IPUIPlugin
2026-04-01 00:25:50,234 [INFO] IPUIPlugin:80 - create IPUIPlugin
2026-04-01 00:25:50,234 [INFO] IPUIPlugin:80 - create IPUIPlugin
2026-04-01 00:25:50,234 [INFO] IPUIPlugin:80 - create IPUIPlugin
2026-04-01 00:25:50,235 [INFO] IPUIPlugin:80 - create IPUIPlugin
2026-04-01 00:25:50,235 [INFO] IPUIPlugin:80 - create IPUIPlugin
2026-04-01 00:25:50,235 [INFO] IPUIPlugin:80 - create IPUIPlugin
2026-04-01 00:25:50,235 [INFO] IPUIPlugin:80 - create IPUIPlugin
2026-04-01 00:25:50,236 [INFO] IPUIPlugin:80 - create IPUIPlugin
2026-04-01 00:25:50,241 [INFO] Can:71 - Can Add PropertyChangeListener com.st.microxplorer.plugins.ip.can.Can@49beb5e3
2026-04-01 00:25:50,359 [INFO] CADModel:165 - CPN selected for project levelSTM32F103C8T6
2026-04-01 00:25:50,359 [INFO] CADModel:114 - Register for checkConnection events
2026-04-01 00:25:50,431 [INFO] OpenFileManager:363 - Restore cursor
2026-04-01 00:26:51,126 [INFO] MainUpdater:2872 - connection check result : 10
2026-04-01 00:26:51,127 [INFO] MainUpdater:2872 - connection check result : 10
2026-04-01 00:26:51,241 [INFO] MicroXplorer:468 - Change Database Path : 
2026-04-01 00:26:51,242 [INFO] MicroXplorer:498 - Change Database Version : DB.6.0.130
2026-04-01 00:26:51,252 [ERROR] ProjectManagerView:394 - 
java.lang.NullPointerException: Cannot invoke "javax.swing.JTextField.getText()" because the return value of "java.util.List.get(int)" is null
	at com.st.microxplorer.plugins.projectmanager.gui.ProjectChoiceTab$9.caretUpdate(ProjectChoiceTab.java:2616) ~[filemanager.jar:?]
	at javax.swing.text.JTextComponent.fireCaretUpdate(JTextComponent.java:408) ~[?:?]
	at javax.swing.text.JTextComponent$MutableCaretEvent.fire(JTextComponent.java:4484) ~[?:?]
	at javax.swing.text.JTextComponent$MutableCaretEvent.stateChanged(JTextComponent.java:4506) ~[?:?]
	at javax.swing.text.DefaultCaret.fireStateChanged(DefaultCaret.java:857) ~[?:?]
	at javax.swing.text.DefaultCaret.changeCaretPosition(DefaultCaret.java:1343) ~[?:?]
	at javax.swing.text.DefaultCaret.handleSetDot(DefaultCaret.java:1242) ~[?:?]
	at javax.swing.text.DefaultCaret.setDot(DefaultCaret.java:1223) ~[?:?]
	at javax.swing.text.DefaultCaret$Handler.insertUpdate(DefaultCaret.java:1819) ~[?:?]
	at javax.swing.text.AbstractDocument.fireInsertUpdate(AbstractDocument.java:227) ~[?:?]
	at javax.swing.text.AbstractDocument.handleInsertString(AbstractDocument.java:781) ~[?:?]
	at javax.swing.text.AbstractDocument.insertString(AbstractDocument.java:740) ~[?:?]
	at javax.swing.text.PlainDocument.insertString(PlainDocument.java:131) ~[?:?]
	at javax.swing.text.AbstractDocument.replace(AbstractDocument.java:699) ~[?:?]
	at javax.swing.text.JTextComponent.setText(JTextComponent.java:1725) ~[?:?]
	at com.st.microxplorer.plugins.projectmanager.gui.ProjectChoiceTab.createHeapStackFields(ProjectChoiceTab.java:975) ~[filemanager.jar:?]
	at com.st.microxplorer.plugins.projectmanager.gui.ProjectChoiceTab.buildLinkSettingsPanel(ProjectChoiceTab.java:3666) ~[filemanager.jar:?]
	at com.st.microxplorer.plugins.projectmanager.gui.ProjectChoiceTab.defineWindowsFields(ProjectChoiceTab.java:1934) ~[filemanager.jar:?]
	at com.st.microxplorer.plugins.projectmanager.gui.ProjectChoiceTab.updateSettings(ProjectChoiceTab.java:553) ~[filemanager.jar:?]
	at com.st.microxplorer.plugins.projectmanager.gui.ProjectSettingsPanel.UpdateDialog(ProjectSettingsPanel.java:245) ~[filemanager.jar:?]
	at com.st.microxplorer.plugins.projectmanager.ProjectManagerView.propertyChange(ProjectManagerView.java:391) ~[filemanager.jar:?]
	at java.beans.PropertyChangeSupport.fire(PropertyChangeSupport.java:343) ~[?:?]
	at java.beans.PropertyChangeSupport.firePropertyChange(PropertyChangeSupport.java:335) ~[?:?]
	at java.beans.PropertyChangeSupport.firePropertyChange(PropertyChangeSupport.java:268) ~[?:?]
	at com.st.microxplorer.util.MXPropertyChangeSupport.firePropertyChange(MXPropertyChangeSupport.java:54) ~[STM32CubeMX.jar:?]
	at com.st.microxplorer.mxsystem.MxSystem.closeConfig(MxSystem.java:899) ~[STM32CubeMX.jar:?]
	at com.st.microxplorer.maingui.MainPanel.closeConfig(MainPanel.java:789) ~[STM32CubeMX.jar:?]
	at com.st.microxplorer.plugins.filemanager.engine.OpenFileManager.loadConfigurationFile(OpenFileManager.java:265) ~[filemanager.jar:?]
	at com.st.microxplorer.plugins.filemanager.engine.MainFileManager.userLoadConfig(MainFileManager.java:340) ~[filemanager.jar:?]
	at com.st.microxplorer.plugins.filemanager.engine.MainFileManager.userLoadConfig(MainFileManager.java:318) ~[filemanager.jar:?]
	at com.st.microxplorer.plugins.filemanager.FileManagerView.getSpecificTask(FileManagerView.java:246) ~[filemanager.jar:?]
	at com.st.stm32cube.common.mx.editor.CubeMxEditor.getMxTabbedPaneInstance(CubeMxEditor.java:1198) ~[com.st.stm32cube.common.mx_6.13.0.202411220809/:?]
	at com.st.stm32cube.common.mx.editor.CubeMxEditor$12$1.createSwingComponent(CubeMxEditor.java:1068) ~[com.st.stm32cube.common.mx_6.13.0.202411220809/:?]
	at com.st.stm32cube.common.mx.oss.core.awtswtbridge.EmbeddedSwingComposite.doComponentCreation(EmbeddedSwingComposite.java:492) ~[com.st.stm32cube.common.mx.oss_6.13.0.202411220809/:?]
	at com.st.stm32cube.common.mx.oss.core.awtswtbridge.EmbeddedSwingComposite$4.run(EmbeddedSwingComposite.java:291) ~[com.st.stm32cube.common.mx.oss_6.13.0.202411220809/:?]
	at com.st.stm32cube.common.mx.oss.core.awtswtbridge.AwtEnvironment$2.run(AwtEnvironment.java:166) ~[com.st.stm32cube.common.mx.oss_6.13.0.202411220809/:?]
	at java.awt.event.InvocationEvent.dispatch(InvocationEvent.java:318) ~[?:?]
	at java.awt.EventQueue.dispatchEventImpl(EventQueue.java:773) ~[?:?]
	at java.awt.EventQueue$4.run(EventQueue.java:720) ~[?:?]
	at java.awt.EventQueue$4.run(EventQueue.java:714) ~[?:?]
	at java.security.AccessController.doPrivileged(AccessController.java:400) ~[?:?]
	at java.security.ProtectionDomain$JavaSecurityAccessImpl.doIntersectionPrivilege(ProtectionDomain.java:87) ~[?:?]
	at java.awt.EventQueue.dispatchEvent(EventQueue.java:742) ~[?:?]
	at java.awt.EventDispatchThread.pumpOneEventForFilters(EventDispatchThread.java:203) ~[?:?]
	at java.awt.EventDispatchThread.pumpEventsForFilter(EventDispatchThread.java:124) ~[?:?]
	at java.awt.EventDispatchThread.pumpEventsForHierarchy(EventDispatchThread.java:113) ~[?:?]
	at java.awt.EventDispatchThread.pumpEvents(EventDispatchThread.java:109) ~[?:?]
	at java.awt.EventDispatchThread.pumpEvents(EventDispatchThread.java:101) ~[?:?]
	at java.awt.EventDispatchThread.run(EventDispatchThread.java:90) ~[?:?]
2026-04-01 00:26:51,254 [WARN] ThirdParty:871 - waiting for thirdparty lock release [close project]
2026-04-01 00:26:51,254 [INFO] ThirdParty:873 - entering critical section [close project]
2026-04-01 00:26:51,254 [INFO] ThirdParty:883 - exiting critical section [close project]
2026-04-01 00:26:51,257 [INFO] PinOutPanel:1589 - setPackage(No Configuration,No Configuration)
2026-04-01 00:26:51,260 [INFO] UtilMem:75 - Begin LoadConfig() Used Memory: 878540144 Bytes (1073741824)
2026-04-01 00:26:51,261 [INFO] MicroXplorer:468 - Change Database Path : 
2026-04-01 00:26:51,262 [INFO] MicroXplorer:498 - Change Database Version : DB.6.0.130
2026-04-01 00:26:51,262 [INFO] OpenFileManager:332 - Change cursor
2026-04-01 00:26:51,273 [INFO] Mcu:2035 - Initializing MCU STM32F103C(8-B)Tx STM32F103C8Tx STM32F103C8T6
2026-04-01 00:26:52,227 [INFO] Context:748 - Trying to add GPIOservice into a context  which must be forbidden
2026-04-01 00:26:52,521 [INFO] RtosManager:555 - Registered RTOS mode: class=CMSIS, group=RTOS, mode=CMSIS_V1, owner=FREERTOS
2026-04-01 00:26:52,521 [INFO] RtosManager:555 - Registered RTOS mode: class=CMSIS, group=RTOS2, mode=CMSIS_V2, owner=FREERTOS
2026-04-01 00:26:52,521 [INFO] RtosManager:555 - Registered RTOS mode: class=RTOS, group=Core, mode=CMSIS_V1, owner=FREERTOS
2026-04-01 00:26:52,521 [INFO] RtosManager:555 - Registered RTOS mode: class=RTOS, group=Core, mode=CMSIS_V2, owner=FREERTOS
2026-04-01 00:26:52,521 [WARN] ModelIntegratedComponent:184 - Missing modes for component STMicroelectronics:FreeRTOS:0.0.1:STMicroelectronics:RTOS:FreeRTOS:Core:::10.2.0:
2026-04-01 00:26:52,528 [WARN] ModelIntegratedComponent:63 - No mode defined for component null
2026-04-01 00:26:52,528 [WARN] ModelIntegratedComponent:63 - No mode defined for component null
2026-04-01 00:26:52,528 [WARN] ModelIntegratedComponent:63 - No mode defined for component null
2026-04-01 00:26:52,528 [WARN] ModelIntegratedComponent:63 - No mode defined for component null
2026-04-01 00:26:52,528 [WARN] ModelIntegratedComponent:63 - No mode defined for component null
2026-04-01 00:26:52,528 [WARN] ModelIntegratedComponent:63 - No mode defined for component null
2026-04-01 00:26:52,528 [WARN] ModelIntegratedComponent:63 - No mode defined for component null
2026-04-01 00:26:52,528 [WARN] ModelIntegratedComponent:63 - No mode defined for component null
2026-04-01 00:26:52,528 [WARN] ModelIntegratedComponent:63 - No mode defined for component null
2026-04-01 00:26:52,528 [WARN] ModelIntegratedComponent:63 - No mode defined for component null
2026-04-01 00:26:52,528 [WARN] ModelIntegratedComponent:63 - No mode defined for component null
2026-04-01 00:26:52,528 [WARN] ModelIntegratedComponent:63 - No mode defined for component null
2026-04-01 00:26:52,528 [WARN] ModelIntegratedComponent:63 - No mode defined for component null
2026-04-01 00:26:52,528 [WARN] ModelIntegratedComponent:63 - No mode defined for component null
2026-04-01 00:26:52,528 [WARN] ModelIntegratedComponent:63 - No mode defined for component null
2026-04-01 00:26:52,528 [WARN] ModelIntegratedComponent:63 - No mode defined for component null
2026-04-01 00:26:52,528 [WARN] ModelIntegratedComponent:63 - No mode defined for component null
2026-04-01 00:26:52,528 [WARN] ModelIntegratedComponent:63 - No mode defined for component null
2026-04-01 00:26:52,528 [WARN] ModelIntegratedComponent:63 - No mode defined for component null
2026-04-01 00:26:52,528 [WARN] ModelIntegratedComponent:63 - No mode defined for component null
2026-04-01 00:26:52,528 [WARN] ModelIntegratedComponent:63 - No mode defined for component null
2026-04-01 00:26:52,528 [WARN] ModelIntegratedComponent:63 - No mode defined for component null
2026-04-01 00:26:52,528 [WARN] ModelIntegratedComponent:63 - No mode defined for component null
2026-04-01 00:26:52,528 [WARN] ModelIntegratedComponent:63 - No mode defined for component null
2026-04-01 00:26:52,528 [WARN] ModelIntegratedComponent:63 - No mode defined for component null
2026-04-01 00:26:52,528 [WARN] ModelIntegratedComponent:63 - No mode defined for component null
2026-04-01 00:26:52,528 [WARN] ModelIntegratedComponent:63 - No mode defined for component null
2026-04-01 00:26:52,528 [WARN] ModelIntegratedComponent:63 - No mode defined for component null
2026-04-01 00:26:52,528 [WARN] ModelIntegratedComponent:63 - No mode defined for component null
2026-04-01 00:26:52,528 [WARN] ModelIntegratedComponent:63 - No mode defined for component null
2026-04-01 00:26:52,528 [WARN] ModelIntegratedComponent:63 - No mode defined for component null
2026-04-01 00:26:52,528 [WARN] ModelIntegratedComponent:63 - No mode defined for component null
2026-04-01 00:26:52,528 [WARN] ModelIntegratedComponent:63 - No mode defined for component null
2026-04-01 00:26:52,528 [WARN] ModelIntegratedComponent:63 - No mode defined for component null
2026-04-01 00:26:52,528 [WARN] ModelIntegratedComponent:63 - No mode defined for component null
2026-04-01 00:26:52,529 [WARN] ModelPack:524 - Component already loaded: STMicroelectronics:HAL Drivers:0.0.0:STMicroelectronics:Device:STMicro_Driver:XSPI:HAL::0.0.1:HAL_XSPI
2026-04-01 00:26:52,768 [INFO] ThirdPartyModel:298 - Start build external matchings
2026-04-01 00:26:54,314 [INFO] ThirdPartyModel:316 - End build external matchings
2026-04-01 00:26:54,337 [INFO] ImportTextPane:218 - (OptionalMessage_ERROR) IP (RCC) : Parameter (ADCFreqValue) has invalid value (36000000)
2026-04-01 00:26:54,337 [INFO] ImportTextPane:218 - (OptionalMessage_ERROR) IP (RCC) : Invalid parameter (FamilyName)
2026-04-01 00:26:54,337 [INFO] ImportTextPane:218 - (OptionalMessage_ERROR) IP (RCC) : Parameter (MCOFreq_Value) has invalid value (72000000)
2026-04-01 00:26:54,337 [INFO] ImportTextPane:218 - (OptionalMessage_ERROR) IP (RCC) : Parameter (USBFreq_Value) has invalid value (72000000)
2026-04-01 00:26:54,575 [INFO] UtilMem:75 - End LoadConfig() Used Memory: 841884168 Bytes (1073741824)
2026-04-01 00:26:54,630 [WARN] ThirdParty:833 - waiting for thirdparty lock release [change project]
2026-04-01 00:26:54,630 [INFO] ThirdParty:835 - entering critical section [change project]
2026-04-01 00:26:54,630 [INFO] ThirdParty:1030 - CMSIS Pack Vendor :STMicroelectronics X-CUBE-AZRTOS-H7 3.5.0
2026-04-01 00:26:54,630 [INFO] ThirdParty:1030 - CMSIS Pack Vendor :STMicroelectronics X-CUBE-PM33A1 1.0.0
2026-04-01 00:26:54,630 [INFO] ThirdParty:1030 - CMSIS Pack Vendor :STMicroelectronics USBPD 4.1
2026-04-01 00:26:54,630 [INFO] ThirdParty:1030 - CMSIS Pack Vendor :STMicroelectronics USB_HOST 2.0.0
2026-04-01 00:26:54,630 [INFO] ThirdParty:1030 - CMSIS Pack Vendor :STMicroelectronics FP-SNS-MOTENVWB1 1.4.0
2026-04-01 00:26:54,630 [INFO] ThirdParty:1030 - CMSIS Pack Vendor :STMicroelectronics X-CUBE-AZRTOS-F4 1.1.0
2026-04-01 00:26:54,630 [INFO] ThirdParty:1030 - CMSIS Pack Vendor :STMicroelectronics LIBJPEG 8.0.0
2026-04-01 00:26:54,630 [INFO] ThirdParty:1030 - CMSIS Pack Vendor :STMicroelectronics FP-ATR-ASTRA1 2.0.2
2026-04-01 00:26:54,630 [INFO] ThirdParty:1030 - CMSIS Pack Vendor :STMicroelectronics FP-ATR-ASTRA1 2.0.1
2026-04-01 00:26:54,630 [INFO] ThirdParty:1030 - CMSIS Pack Vendor :Avnet-IotConnect X-CUBE-IoTC-DA16k-PMOD 1.0.0
2026-04-01 00:26:54,630 [INFO] ThirdParty:1030 - CMSIS Pack Vendor :STMicroelectronics X-CUBE-SMBUS 2.1.0
2026-04-01 00:26:54,630 [INFO] ThirdParty:1030 - CMSIS Pack Vendor :STMicroelectronics X-CUBE-WB05N 1.1.0
2026-04-01 00:26:54,630 [INFO] ThirdParty:1030 - CMSIS Pack Vendor :STMicroelectronics X-CUBE-ISPU 2.1.0
2026-04-01 00:26:54,630 [INFO] ThirdParty:1030 - CMSIS Pack Vendor :STMicroelectronics X-CUBE-NFC12 1.0.0
2026-04-01 00:26:54,630 [INFO] ThirdParty:1030 - CMSIS Pack Vendor :STMicroelectronics X-CUBE-AZRTOS-F7 1.1.0
2026-04-01 00:26:54,630 [INFO] ThirdParty:1030 - CMSIS Pack Vendor :STMicroelectronics X-CUBE-AZRTOS-L5 2.0.0
2026-04-01 00:26:54,630 [INFO] ThirdParty:1030 - CMSIS Pack Vendor :STMicroelectronics USB_DEVICE 2.0.0
2026-04-01 00:26:54,632 [INFO] ThirdParty:1030 - CMSIS Pack Vendor :STMicroelectronics X-CUBE-NFC6 3.1.0
2026-04-01 00:26:54,632 [INFO] ThirdParty:1030 - CMSIS Pack Vendor :STMicroelectronics FreeRTOS 0.0.1
2026-04-01 00:26:54,632 [INFO] ThirdParty:1030 - CMSIS Pack Vendor :STMicroelectronics X-CUBE-DPower 1.2.0
2026-04-01 00:26:54,632 [INFO] ThirdParty:1030 - CMSIS Pack Vendor :STMicroelectronics FP-SNS-FLIGHT1 5.0.2
2026-04-01 00:26:54,632 [INFO] ThirdParty:1030 - CMSIS Pack Vendor :Infineon AIROC-Wi-Fi-Bluetooth-STM32 1.7.0
2026-04-01 00:26:54,632 [INFO] ThirdParty:1030 - CMSIS Pack Vendor :STMicroelectronics PDM2PCM 3.3.0
2026-04-01 00:26:54,632 [INFO] ThirdParty:1030 - CMSIS Pack Vendor :STMicroelectronics X-CUBE-AZRTOS-H7 3.4.0
2026-04-01 00:26:54,632 [INFO] ThirdParty:1030 - CMSIS Pack Vendor :STMicroelectronics X-CUBE-DISPLAY 3.0.0
2026-04-01 00:26:54,632 [INFO] ThirdParty:1030 - CMSIS Pack Vendor :STMicroelectronics X-CUBE-BLE1 7.0.0
2026-04-01 00:26:54,632 [INFO] ThirdParty:1030 - CMSIS Pack Vendor :STMicroelectronics X-CUBE-NFC10 1.0.0
2026-04-01 00:26:54,632 [INFO] ThirdParty:1030 - CMSIS Pack Vendor :STMicroelectronics X-CUBE-BLEMGR 4.0.0
2026-04-01 00:26:54,632 [INFO] ThirdParty:1030 - CMSIS Pack Vendor :STMicroelectronics HAL Drivers 0.0.0
2026-04-01 00:26:54,632 [INFO] ThirdParty:1030 - CMSIS Pack Vendor :STMicroelectronics X-CUBE-ST60 1.1.0
2026-04-01 00:26:54,632 [INFO] ThirdParty:1030 - CMSIS Pack Vendor :emotas I-CUBE-CANOPEN 1.3.0
2026-04-01 00:26:54,633 [INFO] ThirdParty:1030 - CMSIS Pack Vendor :STMicroelectronics X-CUBE-FREERTOS 1.3.0
2026-04-01 00:26:54,633 [INFO] ThirdParty:1030 - CMSIS Pack Vendor :STMicroelectronics X-CUBE-NFC7 1.0.1
2026-04-01 00:26:54,633 [INFO] ThirdParty:1030 - CMSIS Pack Vendor :STMicroelectronics MBEDTLS 2.14.1
2026-04-01 00:26:54,633 [INFO] ThirdParty:1030 - CMSIS Pack Vendor :STMicroelectronics X-CUBE-GNSS1 7.1.0
2026-04-01 00:26:54,633 [INFO] ThirdParty:1030 - CMSIS Pack Vendor :STMicroelectronics X-CUBE-TOUCHGFX 4.26.0
2026-04-01 00:26:54,633 [INFO] ThirdParty:1030 - CMSIS Pack Vendor :STMicroelectronics X-CUBE-TOUCHGFX 4.26.1
2026-04-01 00:26:54,633 [INFO] ThirdParty:1030 - CMSIS Pack Vendor :STMicroelectronics X-CUBE-AI 10.0.0
2026-04-01 00:26:54,633 [INFO] ThirdParty:1030 - CMSIS Pack Vendor :STMicroelectronics FP-SNS-STAIOTCFT 1.0.0
2026-04-01 00:26:54,633 [INFO] ThirdParty:1030 - CMSIS Pack Vendor :STMicroelectronics FP-SNS-SMARTAG2 1.2.0
2026-04-01 00:26:54,633 [INFO] ThirdParty:1030 - CMSIS Pack Vendor :STMicroelectronics FP-SNS-FLIGHT1 5.1.0
2026-04-01 00:26:54,633 [INFO] ThirdParty:1030 - CMSIS Pack Vendor :STMicroelectronics X-CUBE-MEMS1 11.1.0
2026-04-01 00:26:54,633 [INFO] ThirdParty:1030 - CMSIS Pack Vendor :STMicroelectronics X-CUBE-AZRTOS-WL 2.0.0
2026-04-01 00:26:54,633 [INFO] ThirdParty:1030 - CMSIS Pack Vendor :STMicroelectronics X-CUBE-DPower 1.3.0
2026-04-01 00:26:54,633 [INFO] ThirdParty:1030 - CMSIS Pack Vendor :STMicroelectronics FP-SNS-MOTENV1 5.0.0
2026-04-01 00:26:54,633 [INFO] ThirdParty:1030 - CMSIS Pack Vendor :STMicroelectronics USB_DEVICE 1.0.0
2026-04-01 00:26:54,633 [INFO] ThirdParty:1030 - CMSIS Pack Vendor :STMicroelectronics X-CUBE-AZRTOS-H7RS 1.2.0
2026-04-01 00:26:54,633 [INFO] ThirdParty:1030 - CMSIS Pack Vendor :wolfSSL I-CUBE-wolfMQTT 1.19.0
2026-04-01 00:26:54,633 [INFO] ThirdParty:1030 - CMSIS Pack Vendor :STMicroelectronics X-CUBE-AZRTOS-L4 2.0.0
2026-04-01 00:26:54,634 [INFO] ThirdParty:1030 - CMSIS Pack Vendor :STMicroelectronics ThreadX 0.0.2
2026-04-01 00:26:54,634 [INFO] ThirdParty:1030 - CMSIS Pack Vendor :WES I-CUBE-Cesium 1.3.0
2026-04-01 00:26:54,634 [INFO] ThirdParty:1030 - CMSIS Pack Vendor :STMicroelectronics lwIP 2.1.2
2026-04-01 00:26:54,634 [INFO] ThirdParty:1030 - CMSIS Pack Vendor :STMicroelectronics X-CUBE-SFXS2LP1 4.0.0
2026-04-01 00:26:54,634 [INFO] ThirdParty:1030 - CMSIS Pack Vendor :STMicroelectronics X-CUBE-BLE2 3.3.0
2026-04-01 00:26:54,634 [INFO] ThirdParty:1030 - CMSIS Pack Vendor :Avnet-IOTCONNECT X-CUBE-iotc-st67-sdk 1.0.0
2026-04-01 00:26:54,634 [INFO] ThirdParty:1030 - CMSIS Pack Vendor :STMicroelectronics PDM2PCM 3.2.0
2026-04-01 00:26:54,634 [INFO] ThirdParty:1030 - CMSIS Pack Vendor :STMicroelectronics X-CUBE-AZRTOS-H7 3.3.0
2026-04-01 00:26:54,634 [INFO] ThirdParty:1030 - CMSIS Pack Vendor :STMicroelectronics X-CUBE-NFC9 1.0.0
2026-04-01 00:26:54,634 [INFO] ThirdParty:1030 - CMSIS Pack Vendor :STMicroelectronics X-CUBE-BLE1 7.1.0
2026-04-01 00:26:54,634 [INFO] ThirdParty:1030 - CMSIS Pack Vendor :STMicroelectronics USB_DEVICE 3.0.0
2026-04-01 00:26:54,634 [INFO] ThirdParty:1030 - CMSIS Pack Vendor :STMicroelectronics X-CUBE-EEPRMA1 5.2.0
2026-04-01 00:26:54,634 [INFO] ThirdParty:1030 - CMSIS Pack Vendor :STMicroelectronics X-CUBE-BLEMGR 4.1.0
2026-04-01 00:26:54,634 [INFO] ThirdParty:1030 - CMSIS Pack Vendor :STMicroelectronics X-CUBE-AZRTOS-WB 2.0.0
2026-04-01 00:26:54,634 [INFO] ThirdParty:1030 - CMSIS Pack Vendor :STMicroelectronics X-CUBE-GNSS1 7.0.1
2026-04-01 00:26:54,634 [INFO] ThirdParty:1030 - CMSIS Pack Vendor :STMicroelectronics X-CUBE-TOUCHGFX 4.25.0
2026-04-01 00:26:54,634 [INFO] ThirdParty:1030 - CMSIS Pack Vendor :STMicroelectronics FP-SNS-STBOX1 2.0.0
2026-04-01 00:26:54,634 [INFO] ThirdParty:1030 - CMSIS Pack Vendor :STMicroelectronics X-CUBE-MEMS1 12.0.0
2026-04-01 00:26:54,634 [INFO] ThirdParty:1030 - CMSIS Pack Vendor :STMicroelectronics X-CUBE-STSE01 2.0.0
2026-04-01 00:26:54,634 [INFO] ThirdParty:1030 - CMSIS Pack Vendor :STMicroelectronics X-CUBE-MEMS1 11.2.0
2026-04-01 00:26:54,634 [INFO] ThirdParty:1030 - CMSIS Pack Vendor :STMicroelectronics X-CUBE-AZRTOS-G0 1.1.0
2026-04-01 00:26:54,634 [INFO] ThirdParty:1030 - CMSIS Pack Vendor :STMicroelectronics X-CUBE-SAFEA1 1.2.2
2026-04-01 00:26:54,634 [INFO] ThirdParty:1030 - CMSIS Pack Vendor :STMicroelectronics X-CUBE-NFC4 3.0.0
2026-04-01 00:26:54,634 [INFO] ThirdParty:1030 - CMSIS Pack Vendor :STMicroelectronics X-CUBE-SUBG2 5.0.0
2026-04-01 00:26:54,635 [INFO] ThirdParty:1030 - CMSIS Pack Vendor :STMicroelectronics X-CUBE-AZRTOS-H7RS 1.1.0
2026-04-01 00:26:54,635 [INFO] ThirdParty:1030 - CMSIS Pack Vendor :STMicroelectronics STM32_WPAN 1.0.0
2026-04-01 00:26:54,635 [INFO] ThirdParty:1030 - CMSIS Pack Vendor :EmbeddedOffice I-CUBE-FS-RTOS 1.0.1
2026-04-01 00:26:54,635 [INFO] ThirdParty:1030 - CMSIS Pack Vendor :STMicroelectronics lwIP 2.0.3
2026-04-01 00:26:54,635 [INFO] ThirdParty:1030 - CMSIS Pack Vendor :Cesanta I-CUBE-Mongoose 7.13.0
2026-04-01 00:26:54,635 [INFO] ThirdParty:1030 - CMSIS Pack Vendor :STMicroelectronics USB_HOST 1.0.0
2026-04-01 00:26:54,635 [INFO] ThirdParty:1030 - CMSIS Pack Vendor :STMicroelectronics X-CUBE-AZRTOS-G4 2.0.0
2026-04-01 00:26:54,635 [INFO] ThirdParty:1030 - CMSIS Pack Vendor :STMicroelectronics X-CUBE-WB05N 2.0.0
2026-04-01 00:26:54,635 [INFO] ThirdParty:1030 - CMSIS Pack Vendor :STMicroelectronics PDM2PCM 3.1.0
2026-04-01 00:26:54,635 [INFO] ThirdParty:1030 - CMSIS Pack Vendor :STMicroelectronics X-CUBE-NFC7 2.0.0
2026-04-01 00:26:54,635 [INFO] ThirdParty:1030 - CMSIS Pack Vendor :STMicroelectronics X-CUBE-TCPP 4.2.0
2026-04-01 00:26:54,635 [INFO] ThirdParty:1030 - CMSIS Pack Vendor :RealThread X-CUBE-RT-Thread_Nano 4.1.1
2026-04-01 00:26:54,635 [INFO] ThirdParty:1030 - CMSIS Pack Vendor :STMicroelectronics FP-ATR-SIGFOX1 3.2.0
2026-04-01 00:26:54,635 [INFO] ThirdParty:1030 - CMSIS Pack Vendor :quantropi X-CUBE-qispace-sdk-base 1.9.3
2026-04-01 00:26:54,635 [INFO] ThirdParty:1030 - CMSIS Pack Vendor :STMicroelectronics X-CUBE-EEPRMA1 5.1.0
2026-04-01 00:26:54,635 [INFO] ThirdParty:1030 - CMSIS Pack Vendor :STMicroelectronics MBEDTLS 2.16.2
2026-04-01 00:26:54,635 [INFO] ThirdParty:1030 - CMSIS Pack Vendor :STMicroelectronics X-CUBE-IPS 3.1.0
2026-04-01 00:26:54,635 [INFO] ThirdParty:1030 - CMSIS Pack Vendor :STMicroelectronics X-CUBE-ALS 1.0.2
2026-04-01 00:26:54,635 [INFO] ThirdParty:1030 - CMSIS Pack Vendor :wolfSSL I-CUBE-wolfSSL 5.7.4
2026-04-01 00:26:54,635 [INFO] ThirdParty:1030 - CMSIS Pack Vendor :ITTIA_DB I-CUBE-ITTIADB 8.9.0
2026-04-01 00:26:54,635 [INFO] ThirdParty:1030 - CMSIS Pack Vendor :STMicroelectronics X-CUBE-TOUCHGFX 4.24.2
2026-04-01 00:26:54,635 [INFO] ThirdParty:1030 - CMSIS Pack Vendor :wolfSSL I-CUBE-wolfTPM 3.4.0
2026-04-01 00:26:54,635 [INFO] ThirdParty:1030 - CMSIS Pack Vendor :portGmbH I-Cube-SoM-uGOAL 1.1.0
2026-04-01 00:26:54,635 [INFO] ThirdParty:1030 - CMSIS Pack Vendor :STMicroelectronics X-CUBE-NFC6 3.2.0
2026-04-01 00:26:54,635 [INFO] ThirdParty:1030 - CMSIS Pack Vendor :STMicroelectronics X-CUBE-AI 10.2.0
2026-04-01 00:26:54,635 [INFO] ThirdParty:1030 - CMSIS Pack Vendor :STMicroelectronics ThreadX 1.0.0
2026-04-01 00:26:54,635 [INFO] ThirdParty:1030 - CMSIS Pack Vendor :SEGGER I-CUBE-embOS 1.3.1
2026-04-01 00:26:54,635 [INFO] ThirdParty:1030 - CMSIS Pack Vendor :STMicroelectronics X-CUBE-ALGOBUILD 1.4.0
2026-04-01 00:26:54,635 [INFO] ThirdParty:1030 - CMSIS Pack Vendor :STMicroelectronics X-CUBE-AZRTOS-H7RS 1.0.0
2026-04-01 00:26:54,635 [INFO] ThirdParty:1030 - CMSIS Pack Vendor :STMicroelectronics X-CUBE-TOF1 3.4.2
2026-04-01 00:26:54,635 [INFO] ThirdParty:1030 - CMSIS Pack Vendor :STMicroelectronics X-CUBE-TOF1 3.4.3
2026-04-01 00:26:54,635 [INFO] ThirdParty:1030 - CMSIS Pack Vendor :STMicroelectronics X-CUBE-AI 9.1.0
2026-04-01 00:26:54,635 [INFO] ThirdParty:1030 - CMSIS Pack Vendor :wolfSSL I-CUBE-wolfSSH 1.4.17
2026-04-01 00:26:54,635 [INFO] ThirdParty:841 - exiting critical section [change project]
2026-04-01 00:26:54,769 [INFO] PinOutPanel:1589 - setPackage(No Configuration,No Configuration)
2026-04-01 00:26:54,770 [INFO] PinOutPanel:1589 - setPackage(STM32F103C8Tx,LQFP48)
2026-04-01 00:26:55,086 [INFO] UtilMem:75 - Before build in PCC Used Memory: 963348992 Bytes (1073741824)
2026-04-01 00:26:55,312 [INFO] UtilMem:75 - After build in PCC Used Memory: 783399768 Bytes (1073741824)
2026-04-01 00:26:55,333 [INFO] IPUIPlugin:80 - create IPUIPlugin
2026-04-01 00:26:55,333 [INFO] IPUIPlugin:80 - create IPUIPlugin
2026-04-01 00:26:55,333 [INFO] IPUIPlugin:80 - create IPUIPlugin
2026-04-01 00:26:55,333 [INFO] IPUIPlugin:80 - create IPUIPlugin
2026-04-01 00:26:55,333 [INFO] IPUIPlugin:80 - create IPUIPlugin
2026-04-01 00:26:55,334 [INFO] IPUIPlugin:80 - create IPUIPlugin
2026-04-01 00:26:55,334 [INFO] IPUIPlugin:80 - create IPUIPlugin
2026-04-01 00:26:55,334 [INFO] IPUIPlugin:80 - create IPUIPlugin
2026-04-01 00:26:55,334 [INFO] IPUIPlugin:80 - create IPUIPlugin
2026-04-01 00:26:55,334 [INFO] IPUIPlugin:80 - create IPUIPlugin
2026-04-01 00:26:55,334 [INFO] IPUIPlugin:80 - create IPUIPlugin
2026-04-01 00:26:55,334 [INFO] IPUIPlugin:80 - create IPUIPlugin
2026-04-01 00:26:55,334 [INFO] IPUIPlugin:80 - create IPUIPlugin
2026-04-01 00:26:55,335 [INFO] IPUIPlugin:80 - create IPUIPlugin
2026-04-01 00:26:55,335 [INFO] IPUIPlugin:80 - create IPUIPlugin
2026-04-01 00:26:55,335 [INFO] IPUIPlugin:80 - create IPUIPlugin
2026-04-01 00:26:55,335 [INFO] IPUIPlugin:80 - create IPUIPlugin
2026-04-01 00:26:55,336 [INFO] IPUIPlugin:80 - create IPUIPlugin
2026-04-01 00:26:55,336 [INFO] IPUIPlugin:80 - create IPUIPlugin
2026-04-01 00:26:55,336 [INFO] IPUIPlugin:80 - create IPUIPlugin
2026-04-01 00:26:55,337 [INFO] IPUIPlugin:80 - create IPUIPlugin
2026-04-01 00:26:55,337 [INFO] IPUIPlugin:80 - create IPUIPlugin
2026-04-01 00:26:55,337 [INFO] IPUIPlugin:80 - create IPUIPlugin
2026-04-01 00:26:55,337 [INFO] IPUIPlugin:80 - create IPUIPlugin
2026-04-01 00:26:55,337 [INFO] IPUIPlugin:80 - create IPUIPlugin
2026-04-01 00:26:55,338 [INFO] IPUIPlugin:80 - create IPUIPlugin
2026-04-01 00:26:55,338 [INFO] IPUIPlugin:80 - create IPUIPlugin
2026-04-01 00:26:55,339 [INFO] Can:71 - Can Add PropertyChangeListener com.st.microxplorer.plugins.ip.can.Can@32a81d13
2026-04-01 00:26:55,407 [INFO] CADModel:165 - CPN selected for project levelSTM32F103C8T6
2026-04-01 00:26:55,408 [INFO] CADModel:114 - Register for checkConnection events
2026-04-01 00:26:55,462 [INFO] OpenFileManager:363 - Restore cursor
2026-04-01 00:28:25,963 [INFO] NvicIntPanel:101 - NVIC parent = com.st.microxplorer.plugins.ip.nvic.MultiNvicIntPanel[,0,0,531x150,layout=javax.swing.BoxLayout,alignmentX=0.0,alignmentY=0.0,border=,flags=9,maximumSize=,minimumSize=,preferredSize=]
2026-04-01 00:29:28,842 [INFO] UtilMem:75 - End SaveConfig() Used Memory: 831691912 Bytes (1073741824)
2026-04-01 00:29:29,959 [INFO] UtilMem:75 - End SaveConfig() Used Memory: 848702112 Bytes (1073741824)
2026-04-01 00:29:36,124 [INFO] UtilMem:75 - End SaveConfig() Used Memory: 930690744 Bytes (1073741824)
2026-04-01 00:29:36,469 [INFO] BlockDiagram:2766 - set Specific Code input for plugin: SYS
2026-04-01 00:29:36,470 [INFO] BlockDiagram:2766 - set Specific Code input for plugin: CAN
2026-04-01 00:29:36,470 [INFO] BlockDiagram:2766 - set Specific Code input for plugin: RCC
2026-04-01 00:29:36,470 [INFO] BlockDiagram:2766 - set Specific Code input for plugin: NVIC
2026-04-01 00:29:36,470 [INFO] BlockDiagram:2766 - set Specific Code input for plugin: USART
2026-04-01 00:29:36,470 [INFO] BlockDiagram:2766 - set Specific Code input for plugin: USART
2026-04-01 00:29:36,470 [INFO] BlockDiagram:2766 - set Specific Code input for plugin: GPIO
2026-04-01 00:29:36,473 [INFO] CodeGenerator:896 - code generatio: config db path: C:\ST\STM32CubeIDE_1.17.0\STM32CubeIDE\plugins\com.st.stm32cube.common.mx_6.13.0.202411220809\\db\
2026-04-01 00:29:36,684 [INFO] CodeEngine:255 - oldGeneratedFile, D:\nckh_test1\stm32f103\tx_f103\MXTmpFiles\license.tmp_save
2026-04-01 00:29:37,156 [INFO] CodeEngine:279 - Generated code: D:\nckh_test1\stm32f103\tx_f103\MXTmpFiles\license.tmp
2026-04-01 00:29:37,239 [INFO] CodeEngine:255 - oldGeneratedFile, D:\nckh_test1\stm32f103\tx_f103\MXTmpFiles\gpio.tmp_save
2026-04-01 00:29:37,501 [INFO] CodeEngine:279 - Generated code: D:\nckh_test1\stm32f103\tx_f103\MXTmpFiles\gpio.tmp
2026-04-01 00:29:37,661 [INFO] CodeEngine:255 - oldGeneratedFile, D:\nckh_test1\stm32f103\tx_f103\Core\Src\stm32f1xx_it.c_save
2026-04-01 00:29:38,133 [INFO] CodeEngine:279 - Generated code: D:\nckh_test1\stm32f103\tx_f103\Core\Src\stm32f1xx_it.c
2026-04-01 00:29:38,147 [INFO] CodeEngine:255 - oldGeneratedFile, D:\nckh_test1\stm32f103\tx_f103\Core\Inc\stm32f1xx_it.h_save
2026-04-01 00:29:38,312 [INFO] CodeEngine:279 - Generated code: D:\nckh_test1\stm32f103\tx_f103\Core\Inc\stm32f1xx_it.h
2026-04-01 00:29:38,401 [INFO] CodeEngine:255 - oldGeneratedFile, D:\nckh_test1\stm32f103\tx_f103\Core\Src\stm32f1xx_hal_msp.c_save
2026-04-01 00:29:38,837 [INFO] CodeEngine:279 - Generated code: D:\nckh_test1\stm32f103\tx_f103\Core\Src\stm32f1xx_hal_msp.c
2026-04-01 00:29:38,850 [INFO] CodeEngine:255 - oldGeneratedFile, D:\nckh_test1\stm32f103\tx_f103\MXTmpFiles\system.tmp_save
2026-04-01 00:29:39,027 [INFO] CodeEngine:279 - Generated code: D:\nckh_test1\stm32f103\tx_f103\MXTmpFiles\system.tmp
2026-04-01 00:29:39,101 [INFO] CodeEngine:311 - oldGeneratedFile, D:\nckh_test1\stm32f103\tx_f103\Core\Inc\stm32f1xx_hal_conf.h_save
2026-04-01 00:29:39,328 [INFO] CodeEngine:335 - Generated code: D:\nckh_test1\stm32f103\tx_f103\Core\Inc\stm32f1xx_hal_conf.h
2026-04-01 00:29:39,377 [INFO] ApiDbMcu:508 - Load IP Config File for CAN
2026-04-01 00:29:39,381 [INFO] ApiDbMcu:508 - Load IP Config File for USART1
2026-04-01 00:29:39,385 [INFO] ApiDbMcu:508 - Load IP Config File for USART2
2026-04-01 00:29:39,389 [INFO] ApiDbMcu:508 - Load IP Config File for RCC
2026-04-01 00:29:39,432 [INFO] CodeEngine:255 - oldGeneratedFile, D:\nckh_test1\stm32f103\tx_f103\Core\Inc\main.h_save
2026-04-01 00:29:39,622 [INFO] CodeEngine:279 - Generated code: D:\nckh_test1\stm32f103\tx_f103\Core\Inc\main.h
2026-04-01 00:29:39,659 [INFO] CodeEngine:255 - oldGeneratedFile, D:\nckh_test1\stm32f103\tx_f103\Core\Src\main.c_save
2026-04-01 00:29:39,909 [INFO] CodeEngine:279 - Generated code: D:\nckh_test1\stm32f103\tx_f103\Core\Src\main.c
2026-04-01 00:29:40,556 [INFO] ProjectBuilder:3289 - Time for Copy HAL[1] : 346mS.
2026-04-01 00:29:40,562 [INFO] ProjectBuilder:4876 - Project Generator version: 4.5.0-RC5
2026-04-01 00:29:40,695 [INFO] ConfigFileManager:1579 - The Die is : DIE410
2026-04-01 00:29:40,702 [INFO] ApiDbMcu:508 - Load IP Config File for FATFS
2026-04-01 00:29:40,710 [INFO] ApiDbMcu:508 - Load IP Config File for FREERTOS
2026-04-01 00:29:40,716 [INFO] ApiDbMcu:508 - Load IP Config File for USB_DEVICE
2026-04-01 00:29:43,547 [INFO] ProjectBuilder:5154 - Time for Generating toolchain IDE Files: 2985mS.
2026-04-01 00:29:43,550 [INFO] ProjectBuilder:3146 - Time for Copy CMSIS : 2mS.
2026-04-01 00:29:43,553 [INFO] ProjectBuilder:3146 - Time for Copy CMSIS : 0mS.
2026-04-01 00:31:34,305 [INFO] UtilMem:75 - End SaveConfig() Used Memory: 934833672 Bytes (1073741824)
2026-04-01 00:31:35,723 [INFO] UtilMem:75 - End SaveConfig() Used Memory: 954416920 Bytes (1073741824)
2026-04-01 00:31:37,226 [INFO] UtilMem:75 - End SaveConfig() Used Memory: 985665552 Bytes (1073741824)
2026-04-01 00:31:37,514 [INFO] BlockDiagram:2766 - set Specific Code input for plugin: SYS
2026-04-01 00:31:37,515 [INFO] BlockDiagram:2766 - set Specific Code input for plugin: CAN
2026-04-01 00:31:37,515 [INFO] BlockDiagram:2766 - set Specific Code input for plugin: RCC
2026-04-01 00:31:37,515 [INFO] BlockDiagram:2766 - set Specific Code input for plugin: NVIC
2026-04-01 00:31:37,515 [INFO] BlockDiagram:2766 - set Specific Code input for plugin: USART
2026-04-01 00:31:37,515 [INFO] BlockDiagram:2766 - set Specific Code input for plugin: USART
2026-04-01 00:31:37,515 [INFO] BlockDiagram:2766 - set Specific Code input for plugin: GPIO
2026-04-01 00:31:37,521 [INFO] CodeGenerator:896 - code generatio: config db path: C:\ST\STM32CubeIDE_1.17.0\STM32CubeIDE\plugins\com.st.stm32cube.common.mx_6.13.0.202411220809\\db\
2026-04-01 00:31:37,681 [INFO] CodeEngine:255 - oldGeneratedFile, D:\nckh_test1\stm32f103\tx_f103\MXTmpFiles\license.tmp_save
2026-04-01 00:31:37,808 [INFO] CodeEngine:279 - Generated code: D:\nckh_test1\stm32f103\tx_f103\MXTmpFiles\license.tmp
2026-04-01 00:31:37,831 [INFO] CodeEngine:255 - oldGeneratedFile, D:\nckh_test1\stm32f103\tx_f103\MXTmpFiles\gpio.tmp_save
2026-04-01 00:31:37,936 [INFO] CodeEngine:279 - Generated code: D:\nckh_test1\stm32f103\tx_f103\MXTmpFiles\gpio.tmp
2026-04-01 00:31:38,136 [INFO] CodeEngine:255 - oldGeneratedFile, D:\nckh_test1\stm32f103\tx_f103\Core\Src\stm32f1xx_it.c_save
2026-04-01 00:31:38,308 [INFO] CodeEngine:279 - Generated code: D:\nckh_test1\stm32f103\tx_f103\Core\Src\stm32f1xx_it.c
2026-04-01 00:31:38,316 [INFO] CodeEngine:255 - oldGeneratedFile, D:\nckh_test1\stm32f103\tx_f103\Core\Inc\stm32f1xx_it.h_save
2026-04-01 00:31:38,401 [INFO] CodeEngine:279 - Generated code: D:\nckh_test1\stm32f103\tx_f103\Core\Inc\stm32f1xx_it.h
2026-04-01 00:31:38,435 [INFO] CodeEngine:255 - oldGeneratedFile, D:\nckh_test1\stm32f103\tx_f103\Core\Src\stm32f1xx_hal_msp.c_save
2026-04-01 00:31:38,583 [INFO] CodeEngine:279 - Generated code: D:\nckh_test1\stm32f103\tx_f103\Core\Src\stm32f1xx_hal_msp.c
2026-04-01 00:31:38,590 [INFO] CodeEngine:255 - oldGeneratedFile, D:\nckh_test1\stm32f103\tx_f103\MXTmpFiles\system.tmp_save
2026-04-01 00:31:38,672 [INFO] CodeEngine:279 - Generated code: D:\nckh_test1\stm32f103\tx_f103\MXTmpFiles\system.tmp
2026-04-01 00:31:38,701 [INFO] CodeEngine:311 - oldGeneratedFile, D:\nckh_test1\stm32f103\tx_f103\Core\Inc\stm32f1xx_hal_conf.h_save
2026-04-01 00:31:38,810 [INFO] CodeEngine:335 - Generated code: D:\nckh_test1\stm32f103\tx_f103\Core\Inc\stm32f1xx_hal_conf.h
2026-04-01 00:31:38,866 [INFO] CodeEngine:255 - oldGeneratedFile, D:\nckh_test1\stm32f103\tx_f103\Core\Inc\main.h_save
2026-04-01 00:31:38,941 [INFO] CodeEngine:279 - Generated code: D:\nckh_test1\stm32f103\tx_f103\Core\Inc\main.h
2026-04-01 00:31:38,958 [INFO] CodeEngine:255 - oldGeneratedFile, D:\nckh_test1\stm32f103\tx_f103\Core\Src\main.c_save
2026-04-01 00:31:39,198 [INFO] CodeEngine:279 - Generated code: D:\nckh_test1\stm32f103\tx_f103\Core\Src\main.c
2026-04-01 00:31:39,601 [INFO] ProjectBuilder:3289 - Time for Copy HAL[1] : 171mS.
2026-04-01 00:31:39,603 [INFO] ProjectBuilder:4876 - Project Generator version: 4.5.0-RC5
2026-04-01 00:31:39,707 [INFO] ConfigFileManager:1579 - The Die is : DIE410
2026-04-01 00:31:41,280 [INFO] ProjectBuilder:5154 - Time for Generating toolchain IDE Files: 1676mS.
2026-04-01 00:31:41,284 [INFO] ProjectBuilder:3146 - Time for Copy CMSIS : 2mS.
2026-04-01 00:31:41,288 [INFO] ProjectBuilder:3146 - Time for Copy CMSIS : 0mS.
2026-04-01 08:03:50,929 [INFO] WebApp:190 - Connection lost
2026-04-01 08:04:22,194 [INFO] WebApp:187 - Connection restablished
2026-04-01 09:54:14,293 [INFO] WebApp:190 - Connection lost
2026-04-01 09:54:20,242 [INFO] WebApp:187 - Connection restablished
2026-04-01 09:54:21,842 [INFO] WebApp:190 - Connection lost
2026-04-01 09:54:22,142 [INFO] WebApp:187 - Connection restablished
2026-04-01 12:48:02,500 [INFO] WebApp:190 - Connection lost
2026-04-01 12:48:02,894 [INFO] WebApp:187 - Connection restablished
2026-04-01 12:51:05,644 [INFO] WebApp:190 - Connection lost
2026-04-01 12:51:05,821 [INFO] WebApp:187 - Connection restablished
2026-04-01 13:06:37,349 [WARN] IP:2251 - I2C_Coeff_DF not found: check if there is a RefParameter without a condition.
2026-04-01 13:06:37,352 [WARN] IP:2251 - Analog_Filter not found: check if there is a RefParameter without a condition.
2026-04-01 13:06:37,381 [WARN] IP:2251 - I2C_Coeff_DF not found: check if there is a RefParameter without a condition.
2026-04-01 13:06:37,382 [WARN] IP:2251 - Analog_Filter not found: check if there is a RefParameter without a condition.
2026-04-01 13:06:37,383 [WARN] IP:2251 - I2C_Coeff_DF not found: check if there is a RefParameter without a condition.
2026-04-01 13:06:37,384 [WARN] IP:2251 - Analog_Filter not found: check if there is a RefParameter without a condition.
2026-04-01 13:06:37,489 [WARN] IP:2251 - I2C_Coeff_DF not found: check if there is a RefParameter without a condition.
2026-04-01 13:06:37,490 [WARN] IP:2251 - Analog_Filter not found: check if there is a RefParameter without a condition.
2026-04-01 13:06:37,493 [WARN] IP:2251 - I2C_Coeff_DF not found: check if there is a RefParameter without a condition.
2026-04-01 13:06:37,494 [WARN] IP:2251 - Analog_Filter not found: check if there is a RefParameter without a condition.
2026-04-01 20:41:01,894 [INFO] WebApp:190 - Connection lost
2026-04-01 20:41:07,080 [INFO] WebApp:187 - Connection restablished
2026-04-01 20:41:07,110 [INFO] WebApp:190 - Connection lost
2026-04-01 20:41:07,225 [INFO] WebApp:187 - Connection restablished
2026-04-01 23:55:35,314 [INFO] WebApp:190 - Connection lost
2026-04-01 23:55:35,787 [INFO] WebApp:187 - Connection restablished
2026-04-01 23:58:35,887 [INFO] WebApp:190 - Connection lost
2026-04-01 23:58:36,131 [INFO] WebApp:187 - Connection restablished
