2026-04-02 08:32:07,812 [INFO] WebApp:190 - Connection lost
2026-04-02 08:32:13,231 [INFO] WebApp:187 - Connection restablished
2026-04-02 08:32:13,264 [INFO] WebApp:190 - Connection lost
2026-04-02 08:32:13,721 [INFO] WebApp:187 - Connection restablished
2026-04-02 10:04:10,246 [INFO] WebApp:190 - Connection lost
2026-04-02 10:04:12,953 [INFO] WebApp:187 - Connection restablished
2026-04-02 11:31:30,750 [INFO] UtilMem:75 - End SaveConfig() Used Memory: 760845992 Bytes (1073741824)
2026-04-02 11:31:36,377 [INFO] MainUpdater:2872 - connection check result : 10
2026-04-02 11:31:36,382 [INFO] MainUpdater:2872 - connection check result : 10
2026-04-02 11:31:36,637 [INFO] MicroXplorer:468 - Change Database Path : 
2026-04-02 11:31:36,639 [INFO] MicroXplorer:498 - Change Database Version : DB.6.0.130
2026-04-02 11:31:36,795 [ERROR] ProjectManagerView:394 - 
java.lang.NullPointerException: Cannot invoke "javax.swing.JTextField.getText()" because the return value of "java.util.List.get(int)" is null
	at com.st.microxplorer.plugins.projectmanager.gui.ProjectChoiceTab$9.caretUpdate(ProjectChoiceTab.java:2616) ~[filemanager.jar:?]
	at javax.swing.text.JTextComponent.fireCaretUpdate(JTextComponent.java:408) ~[?:?]
	at javax.swing.text.JTextComponent$MutableCaretEvent.fire(JTextComponent.java:4484) ~[?:?]
	at javax.swing.text.JTextComponent$MutableCaretEvent.stateChanged(JTextComponent.java:4506) ~[?:?]
	at javax.swing.text.DefaultCaret.fireStateChanged(DefaultCaret.java:857) ~[?:?]
	at javax.swing.text.DefaultCaret.changeCaretPosition(DefaultCaret.java:1343) ~[?:?]
	at javax.swing.text.DefaultCaret.handleSetDot(DefaultCaret.java:1242) ~[?:?]
	at javax.swing.text.DefaultCaret.setDot(DefaultCaret.java:1223) ~[?:?]
	at javax.swing.text.DefaultCaret$Handler.insertUpdate(DefaultCaret.java:1819) ~[?:?]
	at javax.swing.text.AbstractDocument.fireInsertUpdate(AbstractDocument.java:227) ~[?:?]
	at javax.swing.text.AbstractDocument.handleInsertString(AbstractDocument.java:781) ~[?:?]
	at javax.swing.text.AbstractDocument.insertString(AbstractDocument.java:740) ~[?:?]
	at javax.swing.text.PlainDocument.insertString(PlainDocument.java:131) ~[?:?]
	at javax.swing.text.AbstractDocument.replace(AbstractDocument.java:699) ~[?:?]
	at javax.swing.text.JTextComponent.setText(JTextComponent.java:1725) ~[?:?]
	at com.st.microxplorer.plugins.projectmanager.gui.ProjectChoiceTab.createHeapStackFields(ProjectChoiceTab.java:975) ~[filemanager.jar:?]
	at com.st.microxplorer.plugins.projectmanager.gui.ProjectChoiceTab.buildLinkSettingsPanel(ProjectChoiceTab.java:3666) ~[filemanager.jar:?]
	at com.st.microxplorer.plugins.projectmanager.gui.ProjectChoiceTab.defineWindowsFields(ProjectChoiceTab.java:1934) ~[filemanager.jar:?]
	at com.st.microxplorer.plugins.projectmanager.gui.ProjectChoiceTab.updateSettings(ProjectChoiceTab.java:553) ~[filemanager.jar:?]
	at com.st.microxplorer.plugins.projectmanager.gui.ProjectSettingsPanel.UpdateDialog(ProjectSettingsPanel.java:245) ~[filemanager.jar:?]
	at com.st.microxplorer.plugins.projectmanager.ProjectManagerView.propertyChange(ProjectManagerView.java:391) ~[filemanager.jar:?]
	at java.beans.PropertyChangeSupport.fire(PropertyChangeSupport.java:343) ~[?:?]
	at java.beans.PropertyChangeSupport.firePropertyChange(PropertyChangeSupport.java:335) ~[?:?]
	at java.beans.PropertyChangeSupport.firePropertyChange(PropertyChangeSupport.java:268) ~[?:?]
	at com.st.microxplorer.util.MXPropertyChangeSupport.firePropertyChange(MXPropertyChangeSupport.java:54) ~[STM32CubeMX.jar:?]
	at com.st.microxplorer.mxsystem.MxSystem.closeConfig(MxSystem.java:899) ~[STM32CubeMX.jar:?]
	at com.st.microxplorer.maingui.MainPanel.closeConfig(MainPanel.java:789) ~[STM32CubeMX.jar:?]
	at com.st.microxplorer.plugins.filemanager.engine.OpenFileManager.loadConfigurationFile(OpenFileManager.java:265) ~[filemanager.jar:?]
	at com.st.microxplorer.plugins.filemanager.engine.MainFileManager.userLoadConfig(MainFileManager.java:340) ~[filemanager.jar:?]
	at com.st.microxplorer.plugins.filemanager.engine.MainFileManager.userLoadConfig(MainFileManager.java:318) ~[filemanager.jar:?]
	at com.st.microxplorer.plugins.filemanager.FileManagerView.getSpecificTask(FileManagerView.java:246) ~[filemanager.jar:?]
	at com.st.stm32cube.common.mx.editor.CubeMxEditor.getMxTabbedPaneInstance(CubeMxEditor.java:1198) ~[com.st.stm32cube.common.mx_6.13.0.202411220809/:?]
	at com.st.stm32cube.common.mx.editor.CubeMxEditor$12$1.createSwingComponent(CubeMxEditor.java:1068) ~[com.st.stm32cube.common.mx_6.13.0.202411220809/:?]
	at com.st.stm32cube.common.mx.oss.core.awtswtbridge.EmbeddedSwingComposite.doComponentCreation(EmbeddedSwingComposite.java:492) ~[com.st.stm32cube.common.mx.oss_6.13.0.202411220809/:?]
	at com.st.stm32cube.common.mx.oss.core.awtswtbridge.EmbeddedSwingComposite$4.run(EmbeddedSwingComposite.java:291) ~[com.st.stm32cube.common.mx.oss_6.13.0.202411220809/:?]
	at com.st.stm32cube.common.mx.oss.core.awtswtbridge.AwtEnvironment$2.run(AwtEnvironment.java:166) ~[com.st.stm32cube.common.mx.oss_6.13.0.202411220809/:?]
	at java.awt.event.InvocationEvent.dispatch(InvocationEvent.java:318) ~[?:?]
	at java.awt.EventQueue.dispatchEventImpl(EventQueue.java:773) ~[?:?]
	at java.awt.EventQueue$4.run(EventQueue.java:720) ~[?:?]
	at java.awt.EventQueue$4.run(EventQueue.java:714) ~[?:?]
	at java.security.AccessController.doPrivileged(AccessController.java:400) ~[?:?]
	at java.security.ProtectionDomain$JavaSecurityAccessImpl.doIntersectionPrivilege(ProtectionDomain.java:87) ~[?:?]
	at java.awt.EventQueue.dispatchEvent(EventQueue.java:742) ~[?:?]
	at java.awt.EventDispatchThread.pumpOneEventForFilters(EventDispatchThread.java:203) ~[?:?]
	at java.awt.EventDispatchThread.pumpEventsForFilter(EventDispatchThread.java:124) ~[?:?]
	at java.awt.EventDispatchThread.pumpEventsForHierarchy(EventDispatchThread.java:113) ~[?:?]
	at java.awt.EventDispatchThread.pumpEvents(EventDispatchThread.java:109) ~[?:?]
	at java.awt.EventDispatchThread.pumpEvents(EventDispatchThread.java:101) ~[?:?]
	at java.awt.EventDispatchThread.run(EventDispatchThread.java:90) ~[?:?]
2026-04-02 11:31:36,814 [WARN] ThirdParty:871 - waiting for thirdparty lock release [close project]
2026-04-02 11:31:36,814 [INFO] ThirdParty:873 - entering critical section [close project]
2026-04-02 11:31:36,816 [INFO] ThirdParty:883 - exiting critical section [close project]
2026-04-02 11:31:36,826 [INFO] PinOutPanel:1589 - setPackage(No Configuration,No Configuration)
2026-04-02 11:31:36,854 [INFO] UtilMem:75 - Begin LoadConfig() Used Memory: 784931624 Bytes (1073741824)
2026-04-02 11:31:36,857 [INFO] MicroXplorer:468 - Change Database Path : 
2026-04-02 11:31:36,857 [INFO] MicroXplorer:498 - Change Database Version : DB.6.0.130
2026-04-02 11:31:36,858 [INFO] OpenFileManager:332 - Change cursor
2026-04-02 11:31:36,978 [INFO] RulesReader:64 - Compatibility file has been processed (297 Rules)
2026-04-02 11:31:37,050 [INFO] Mcu:2035 - Initializing MCU STM32F407V(E-G)Tx STM32F407VETx STM32F407VET6
2026-04-02 11:31:41,265 [INFO] Context:748 - Trying to add GPIOservice into a context  which must be forbidden
2026-04-02 11:31:42,312 [INFO] RtosManager:555 - Registered RTOS mode: class=CMSIS, group=RTOS, mode=CMSIS_V1, owner=FREERTOS
2026-04-02 11:31:42,313 [INFO] RtosManager:555 - Registered RTOS mode: class=CMSIS, group=RTOS2, mode=CMSIS_V2, owner=FREERTOS
2026-04-02 11:31:42,316 [INFO] RtosManager:555 - Registered RTOS mode: class=RTOS, group=Core, mode=CMSIS_V1, owner=FREERTOS
2026-04-02 11:31:42,316 [INFO] RtosManager:555 - Registered RTOS mode: class=RTOS, group=Core, mode=CMSIS_V2, owner=FREERTOS
2026-04-02 11:31:42,316 [WARN] ModelIntegratedComponent:184 - Missing modes for component STMicroelectronics:FreeRTOS:0.0.1:STMicroelectronics:RTOS:FreeRTOS:Core:::10.2.0:
2026-04-02 11:31:42,340 [WARN] ModelIntegratedComponent:63 - No mode defined for component null
2026-04-02 11:31:42,342 [WARN] ModelIntegratedComponent:63 - No mode defined for component null
2026-04-02 11:31:42,342 [WARN] ModelIntegratedComponent:63 - No mode defined for component null
2026-04-02 11:31:42,343 [WARN] ModelIntegratedComponent:63 - No mode defined for component null
2026-04-02 11:31:42,343 [WARN] ModelIntegratedComponent:63 - No mode defined for component null
2026-04-02 11:31:42,343 [WARN] ModelIntegratedComponent:63 - No mode defined for component null
2026-04-02 11:31:42,343 [WARN] ModelIntegratedComponent:63 - No mode defined for component null
2026-04-02 11:31:42,343 [WARN] ModelIntegratedComponent:63 - No mode defined for component null
2026-04-02 11:31:42,343 [WARN] ModelIntegratedComponent:63 - No mode defined for component null
2026-04-02 11:31:42,343 [WARN] ModelIntegratedComponent:63 - No mode defined for component null
2026-04-02 11:31:42,344 [WARN] ModelIntegratedComponent:63 - No mode defined for component null
2026-04-02 11:31:42,344 [WARN] ModelIntegratedComponent:63 - No mode defined for component null
2026-04-02 11:31:42,344 [WARN] ModelIntegratedComponent:63 - No mode defined for component null
2026-04-02 11:31:42,344 [WARN] ModelIntegratedComponent:63 - No mode defined for component null
2026-04-02 11:31:42,346 [WARN] ModelIntegratedComponent:63 - No mode defined for component null
2026-04-02 11:31:42,346 [WARN] ModelIntegratedComponent:63 - No mode defined for component null
2026-04-02 11:31:42,346 [WARN] ModelIntegratedComponent:63 - No mode defined for component null
2026-04-02 11:31:42,346 [WARN] ModelIntegratedComponent:63 - No mode defined for component null
2026-04-02 11:31:42,346 [WARN] ModelIntegratedComponent:63 - No mode defined for component null
2026-04-02 11:31:42,346 [WARN] ModelIntegratedComponent:63 - No mode defined for component null
2026-04-02 11:31:42,346 [WARN] ModelIntegratedComponent:63 - No mode defined for component null
2026-04-02 11:31:42,346 [WARN] ModelIntegratedComponent:63 - No mode defined for component null
2026-04-02 11:31:42,346 [WARN] ModelIntegratedComponent:63 - No mode defined for component null
2026-04-02 11:31:42,346 [WARN] ModelIntegratedComponent:63 - No mode defined for component null
2026-04-02 11:31:42,346 [WARN] ModelIntegratedComponent:63 - No mode defined for component null
2026-04-02 11:31:42,346 [WARN] ModelIntegratedComponent:63 - No mode defined for component null
2026-04-02 11:31:42,346 [WARN] ModelIntegratedComponent:63 - No mode defined for component null
2026-04-02 11:31:42,346 [WARN] ModelIntegratedComponent:63 - No mode defined for component null
2026-04-02 11:31:42,346 [WARN] ModelIntegratedComponent:63 - No mode defined for component null
2026-04-02 11:31:42,346 [WARN] ModelIntegratedComponent:63 - No mode defined for component null
2026-04-02 11:31:42,346 [WARN] ModelIntegratedComponent:63 - No mode defined for component null
2026-04-02 11:31:42,347 [WARN] ModelIntegratedComponent:63 - No mode defined for component null
2026-04-02 11:31:42,347 [WARN] ModelIntegratedComponent:63 - No mode defined for component null
2026-04-02 11:31:42,347 [WARN] ModelIntegratedComponent:63 - No mode defined for component null
2026-04-02 11:31:42,347 [WARN] ModelIntegratedComponent:63 - No mode defined for component null
2026-04-02 11:31:42,347 [WARN] ModelPack:524 - Component already loaded: STMicroelectronics:HAL Drivers:0.0.0:STMicroelectronics:Device:STMicro_Driver:XSPI:HAL::0.0.1:HAL_XSPI
2026-04-02 11:31:43,809 [INFO] ThirdPartyModel:298 - Start build external matchings
2026-04-02 11:31:46,376 [INFO] ThirdPartyModel:316 - End build external matchings
2026-04-02 11:31:46,462 [INFO] ImportTextPane:218 - (OptionalMessage_ERROR) IP (RCC) : Parameter (48MHZClocksFreq_Value) has invalid value (84000000)
2026-04-02 11:31:46,465 [INFO] ImportTextPane:218 - (OptionalMessage_ERROR) IP (RCC) : Parameter (RTCHSEDivFreq_Value) has invalid value (12500000)
2026-04-02 11:31:47,421 [INFO] UtilMem:75 - End LoadConfig() Used Memory: 983780624 Bytes (1073741824)
2026-04-02 11:31:47,554 [WARN] ThirdParty:833 - waiting for thirdparty lock release [change project]
2026-04-02 11:31:47,556 [INFO] ThirdParty:835 - entering critical section [change project]
2026-04-02 11:31:47,556 [INFO] ThirdParty:1030 - CMSIS Pack Vendor :STMicroelectronics X-CUBE-AZRTOS-H7 3.5.0
2026-04-02 11:31:47,557 [INFO] ThirdParty:1030 - CMSIS Pack Vendor :STMicroelectronics X-CUBE-PM33A1 1.0.0
2026-04-02 11:31:47,557 [INFO] ThirdParty:1030 - CMSIS Pack Vendor :STMicroelectronics USBPD 4.1
2026-04-02 11:31:47,557 [INFO] ThirdParty:1030 - CMSIS Pack Vendor :STMicroelectronics USB_HOST 2.0.0
2026-04-02 11:31:47,557 [INFO] ThirdParty:1030 - CMSIS Pack Vendor :STMicroelectronics FP-SNS-MOTENVWB1 1.4.0
2026-04-02 11:31:47,557 [INFO] ThirdParty:1030 - CMSIS Pack Vendor :STMicroelectronics X-CUBE-AZRTOS-F4 1.1.0
2026-04-02 11:31:47,557 [INFO] ThirdParty:1030 - CMSIS Pack Vendor :STMicroelectronics LIBJPEG 8.0.0
2026-04-02 11:31:47,557 [INFO] ThirdParty:1030 - CMSIS Pack Vendor :STMicroelectronics FP-ATR-ASTRA1 2.0.2
2026-04-02 11:31:47,557 [INFO] ThirdParty:1030 - CMSIS Pack Vendor :STMicroelectronics FP-ATR-ASTRA1 2.0.1
2026-04-02 11:31:47,557 [INFO] ThirdParty:1030 - CMSIS Pack Vendor :Avnet-IotConnect X-CUBE-IoTC-DA16k-PMOD 1.0.0
2026-04-02 11:31:47,557 [INFO] ThirdParty:1030 - CMSIS Pack Vendor :STMicroelectronics X-CUBE-SMBUS 2.1.0
2026-04-02 11:31:47,557 [INFO] ThirdParty:1030 - CMSIS Pack Vendor :STMicroelectronics X-CUBE-WB05N 1.1.0
2026-04-02 11:31:47,557 [INFO] ThirdParty:1030 - CMSIS Pack Vendor :STMicroelectronics X-CUBE-ISPU 2.1.0
2026-04-02 11:31:47,557 [INFO] ThirdParty:1030 - CMSIS Pack Vendor :STMicroelectronics X-CUBE-NFC12 1.0.0
2026-04-02 11:31:47,557 [INFO] ThirdParty:1030 - CMSIS Pack Vendor :STMicroelectronics X-CUBE-AZRTOS-F7 1.1.0
2026-04-02 11:31:47,557 [INFO] ThirdParty:1030 - CMSIS Pack Vendor :STMicroelectronics X-CUBE-AZRTOS-L5 2.0.0
2026-04-02 11:31:47,557 [INFO] ThirdParty:1030 - CMSIS Pack Vendor :STMicroelectronics USB_DEVICE 2.0.0
2026-04-02 11:31:47,557 [INFO] ThirdParty:1030 - CMSIS Pack Vendor :STMicroelectronics X-CUBE-NFC6 3.1.0
2026-04-02 11:31:47,558 [INFO] ThirdParty:1030 - CMSIS Pack Vendor :STMicroelectronics FreeRTOS 0.0.1
2026-04-02 11:31:47,558 [INFO] ThirdParty:1030 - CMSIS Pack Vendor :STMicroelectronics X-CUBE-DPower 1.2.0
2026-04-02 11:31:47,558 [INFO] ThirdParty:1030 - CMSIS Pack Vendor :STMicroelectronics FP-SNS-FLIGHT1 5.0.2
2026-04-02 11:31:47,558 [INFO] ThirdParty:1030 - CMSIS Pack Vendor :Infineon AIROC-Wi-Fi-Bluetooth-STM32 1.7.0
2026-04-02 11:31:47,558 [INFO] ThirdParty:1030 - CMSIS Pack Vendor :STMicroelectronics PDM2PCM 3.3.0
2026-04-02 11:31:47,558 [INFO] ThirdParty:1030 - CMSIS Pack Vendor :STMicroelectronics X-CUBE-AZRTOS-H7 3.4.0
2026-04-02 11:31:47,558 [INFO] ThirdParty:1030 - CMSIS Pack Vendor :STMicroelectronics X-CUBE-DISPLAY 3.0.0
2026-04-02 11:31:47,558 [INFO] ThirdParty:1030 - CMSIS Pack Vendor :STMicroelectronics X-CUBE-BLE1 7.0.0
2026-04-02 11:31:47,558 [INFO] ThirdParty:1030 - CMSIS Pack Vendor :STMicroelectronics X-CUBE-NFC10 1.0.0
2026-04-02 11:31:47,558 [INFO] ThirdParty:1030 - CMSIS Pack Vendor :STMicroelectronics X-CUBE-BLEMGR 4.0.0
2026-04-02 11:31:47,558 [INFO] ThirdParty:1030 - CMSIS Pack Vendor :STMicroelectronics HAL Drivers 0.0.0
2026-04-02 11:31:47,559 [INFO] ThirdParty:1030 - CMSIS Pack Vendor :STMicroelectronics X-CUBE-ST60 1.1.0
2026-04-02 11:31:47,559 [INFO] ThirdParty:1030 - CMSIS Pack Vendor :emotas I-CUBE-CANOPEN 1.3.0
2026-04-02 11:31:47,560 [INFO] ThirdParty:1030 - CMSIS Pack Vendor :STMicroelectronics X-CUBE-FREERTOS 1.3.0
2026-04-02 11:31:47,560 [INFO] ThirdParty:1030 - CMSIS Pack Vendor :STMicroelectronics X-CUBE-NFC7 1.0.1
2026-04-02 11:31:47,560 [INFO] ThirdParty:1030 - CMSIS Pack Vendor :STMicroelectronics MBEDTLS 2.14.1
2026-04-02 11:31:47,560 [INFO] ThirdParty:1030 - CMSIS Pack Vendor :STMicroelectronics X-CUBE-GNSS1 7.1.0
2026-04-02 11:31:47,560 [INFO] ThirdParty:1030 - CMSIS Pack Vendor :STMicroelectronics X-CUBE-TOUCHGFX 4.26.0
2026-04-02 11:31:47,560 [INFO] ThirdParty:1030 - CMSIS Pack Vendor :STMicroelectronics X-CUBE-TOUCHGFX 4.26.1
2026-04-02 11:31:47,560 [INFO] ThirdParty:1030 - CMSIS Pack Vendor :STMicroelectronics X-CUBE-AI 10.0.0
2026-04-02 11:31:47,561 [INFO] ThirdParty:1030 - CMSIS Pack Vendor :STMicroelectronics FP-SNS-STAIOTCFT 1.0.0
2026-04-02 11:31:47,561 [INFO] ThirdParty:1030 - CMSIS Pack Vendor :STMicroelectronics FP-SNS-SMARTAG2 1.2.0
2026-04-02 11:31:47,561 [INFO] ThirdParty:1030 - CMSIS Pack Vendor :STMicroelectronics FP-SNS-FLIGHT1 5.1.0
2026-04-02 11:31:47,561 [INFO] ThirdParty:1030 - CMSIS Pack Vendor :STMicroelectronics X-CUBE-MEMS1 11.1.0
2026-04-02 11:31:47,561 [INFO] ThirdParty:1030 - CMSIS Pack Vendor :STMicroelectronics X-CUBE-AZRTOS-WL 2.0.0
2026-04-02 11:31:47,561 [INFO] ThirdParty:1030 - CMSIS Pack Vendor :STMicroelectronics X-CUBE-DPower 1.3.0
2026-04-02 11:31:47,561 [INFO] ThirdParty:1030 - CMSIS Pack Vendor :STMicroelectronics FP-SNS-MOTENV1 5.0.0
2026-04-02 11:31:47,561 [INFO] ThirdParty:1030 - CMSIS Pack Vendor :STMicroelectronics USB_DEVICE 1.0.0
2026-04-02 11:31:47,561 [INFO] ThirdParty:1030 - CMSIS Pack Vendor :STMicroelectronics X-CUBE-AZRTOS-H7RS 1.2.0
2026-04-02 11:31:47,561 [INFO] ThirdParty:1030 - CMSIS Pack Vendor :wolfSSL I-CUBE-wolfMQTT 1.19.0
2026-04-02 11:31:47,561 [INFO] ThirdParty:1030 - CMSIS Pack Vendor :STMicroelectronics X-CUBE-AZRTOS-L4 2.0.0
2026-04-02 11:31:47,561 [INFO] ThirdParty:1030 - CMSIS Pack Vendor :STMicroelectronics ThreadX 0.0.2
2026-04-02 11:31:47,561 [INFO] ThirdParty:1030 - CMSIS Pack Vendor :WES I-CUBE-Cesium 1.3.0
2026-04-02 11:31:47,561 [INFO] ThirdParty:1030 - CMSIS Pack Vendor :STMicroelectronics lwIP 2.1.2
2026-04-02 11:31:47,562 [INFO] ThirdParty:1030 - CMSIS Pack Vendor :STMicroelectronics X-CUBE-SFXS2LP1 4.0.0
2026-04-02 11:31:47,562 [INFO] ThirdParty:1030 - CMSIS Pack Vendor :STMicroelectronics X-CUBE-BLE2 3.3.0
2026-04-02 11:31:47,562 [INFO] ThirdParty:1030 - CMSIS Pack Vendor :Avnet-IOTCONNECT X-CUBE-iotc-st67-sdk 1.0.0
2026-04-02 11:31:47,562 [INFO] ThirdParty:1030 - CMSIS Pack Vendor :STMicroelectronics PDM2PCM 3.2.0
2026-04-02 11:31:47,562 [INFO] ThirdParty:1030 - CMSIS Pack Vendor :STMicroelectronics X-CUBE-AZRTOS-H7 3.3.0
2026-04-02 11:31:47,562 [INFO] ThirdParty:1030 - CMSIS Pack Vendor :STMicroelectronics X-CUBE-NFC9 1.0.0
2026-04-02 11:31:47,562 [INFO] ThirdParty:1030 - CMSIS Pack Vendor :STMicroelectronics X-CUBE-BLE1 7.1.0
2026-04-02 11:31:47,562 [INFO] ThirdParty:1030 - CMSIS Pack Vendor :STMicroelectronics USB_DEVICE 3.0.0
2026-04-02 11:31:47,562 [INFO] ThirdParty:1030 - CMSIS Pack Vendor :STMicroelectronics X-CUBE-EEPRMA1 5.2.0
2026-04-02 11:31:47,562 [INFO] ThirdParty:1030 - CMSIS Pack Vendor :STMicroelectronics X-CUBE-BLEMGR 4.1.0
2026-04-02 11:31:47,562 [INFO] ThirdParty:1030 - CMSIS Pack Vendor :STMicroelectronics X-CUBE-AZRTOS-WB 2.0.0
2026-04-02 11:31:47,562 [INFO] ThirdParty:1030 - CMSIS Pack Vendor :STMicroelectronics X-CUBE-GNSS1 7.0.1
2026-04-02 11:31:47,562 [INFO] ThirdParty:1030 - CMSIS Pack Vendor :STMicroelectronics X-CUBE-TOUCHGFX 4.25.0
2026-04-02 11:31:47,562 [INFO] ThirdParty:1030 - CMSIS Pack Vendor :STMicroelectronics FP-SNS-STBOX1 2.0.0
2026-04-02 11:31:47,562 [INFO] ThirdParty:1030 - CMSIS Pack Vendor :STMicroelectronics X-CUBE-MEMS1 12.0.0
2026-04-02 11:31:47,562 [INFO] ThirdParty:1030 - CMSIS Pack Vendor :STMicroelectronics X-CUBE-STSE01 2.0.0
2026-04-02 11:31:47,562 [INFO] ThirdParty:1030 - CMSIS Pack Vendor :STMicroelectronics X-CUBE-MEMS1 11.2.0
2026-04-02 11:31:47,562 [INFO] ThirdParty:1030 - CMSIS Pack Vendor :STMicroelectronics X-CUBE-AZRTOS-G0 1.1.0
2026-04-02 11:31:47,563 [INFO] ThirdParty:1030 - CMSIS Pack Vendor :STMicroelectronics X-CUBE-SAFEA1 1.2.2
2026-04-02 11:31:47,563 [INFO] ThirdParty:1030 - CMSIS Pack Vendor :STMicroelectronics X-CUBE-NFC4 3.0.0
2026-04-02 11:31:47,563 [INFO] ThirdParty:1030 - CMSIS Pack Vendor :STMicroelectronics X-CUBE-SUBG2 5.0.0
2026-04-02 11:31:47,563 [INFO] ThirdParty:1030 - CMSIS Pack Vendor :STMicroelectronics X-CUBE-AZRTOS-H7RS 1.1.0
2026-04-02 11:31:47,563 [INFO] ThirdParty:1030 - CMSIS Pack Vendor :STMicroelectronics STM32_WPAN 1.0.0
2026-04-02 11:31:47,563 [INFO] ThirdParty:1030 - CMSIS Pack Vendor :EmbeddedOffice I-CUBE-FS-RTOS 1.0.1
2026-04-02 11:31:47,563 [INFO] ThirdParty:1030 - CMSIS Pack Vendor :STMicroelectronics lwIP 2.0.3
2026-04-02 11:31:47,563 [INFO] ThirdParty:1030 - CMSIS Pack Vendor :Cesanta I-CUBE-Mongoose 7.13.0
2026-04-02 11:31:47,563 [INFO] ThirdParty:1030 - CMSIS Pack Vendor :STMicroelectronics USB_HOST 1.0.0
2026-04-02 11:31:47,563 [INFO] ThirdParty:1030 - CMSIS Pack Vendor :STMicroelectronics X-CUBE-AZRTOS-G4 2.0.0
2026-04-02 11:31:47,563 [INFO] ThirdParty:1030 - CMSIS Pack Vendor :STMicroelectronics X-CUBE-WB05N 2.0.0
2026-04-02 11:31:47,563 [INFO] ThirdParty:1030 - CMSIS Pack Vendor :STMicroelectronics PDM2PCM 3.1.0
2026-04-02 11:31:47,563 [INFO] ThirdParty:1030 - CMSIS Pack Vendor :STMicroelectronics X-CUBE-NFC7 2.0.0
2026-04-02 11:31:47,563 [INFO] ThirdParty:1030 - CMSIS Pack Vendor :STMicroelectronics X-CUBE-TCPP 4.2.0
2026-04-02 11:31:47,563 [INFO] ThirdParty:1030 - CMSIS Pack Vendor :RealThread X-CUBE-RT-Thread_Nano 4.1.1
2026-04-02 11:31:47,563 [INFO] ThirdParty:1030 - CMSIS Pack Vendor :STMicroelectronics FP-ATR-SIGFOX1 3.2.0
2026-04-02 11:31:47,563 [INFO] ThirdParty:1030 - CMSIS Pack Vendor :quantropi X-CUBE-qispace-sdk-base 1.9.3
2026-04-02 11:31:47,563 [INFO] ThirdParty:1030 - CMSIS Pack Vendor :STMicroelectronics X-CUBE-EEPRMA1 5.1.0
2026-04-02 11:31:47,563 [INFO] ThirdParty:1030 - CMSIS Pack Vendor :STMicroelectronics MBEDTLS 2.16.2
2026-04-02 11:31:47,563 [INFO] ThirdParty:1030 - CMSIS Pack Vendor :STMicroelectronics X-CUBE-IPS 3.1.0
2026-04-02 11:31:47,563 [INFO] ThirdParty:1030 - CMSIS Pack Vendor :STMicroelectronics X-CUBE-ALS 1.0.2
2026-04-02 11:31:47,563 [INFO] ThirdParty:1030 - CMSIS Pack Vendor :wolfSSL I-CUBE-wolfSSL 5.7.4
2026-04-02 11:31:47,563 [INFO] ThirdParty:1030 - CMSIS Pack Vendor :ITTIA_DB I-CUBE-ITTIADB 8.9.0
2026-04-02 11:31:47,563 [INFO] ThirdParty:1030 - CMSIS Pack Vendor :STMicroelectronics X-CUBE-TOUCHGFX 4.24.2
2026-04-02 11:31:47,563 [INFO] ThirdParty:1030 - CMSIS Pack Vendor :wolfSSL I-CUBE-wolfTPM 3.4.0
2026-04-02 11:31:47,563 [INFO] ThirdParty:1030 - CMSIS Pack Vendor :portGmbH I-Cube-SoM-uGOAL 1.1.0
2026-04-02 11:31:47,563 [INFO] ThirdParty:1030 - CMSIS Pack Vendor :STMicroelectronics X-CUBE-NFC6 3.2.0
2026-04-02 11:31:47,563 [INFO] ThirdParty:1030 - CMSIS Pack Vendor :STMicroelectronics X-CUBE-AI 10.2.0
2026-04-02 11:31:47,563 [INFO] ThirdParty:1030 - CMSIS Pack Vendor :STMicroelectronics ThreadX 1.0.0
2026-04-02 11:31:47,563 [INFO] ThirdParty:1030 - CMSIS Pack Vendor :SEGGER I-CUBE-embOS 1.3.1
2026-04-02 11:31:47,563 [INFO] ThirdParty:1030 - CMSIS Pack Vendor :STMicroelectronics X-CUBE-ALGOBUILD 1.4.0
2026-04-02 11:31:47,563 [INFO] ThirdParty:1030 - CMSIS Pack Vendor :STMicroelectronics X-CUBE-AZRTOS-H7RS 1.0.0
2026-04-02 11:31:47,564 [INFO] ThirdParty:1030 - CMSIS Pack Vendor :STMicroelectronics X-CUBE-TOF1 3.4.2
2026-04-02 11:31:47,564 [INFO] ThirdParty:1030 - CMSIS Pack Vendor :STMicroelectronics X-CUBE-TOF1 3.4.3
2026-04-02 11:31:47,564 [INFO] ThirdParty:1030 - CMSIS Pack Vendor :STMicroelectronics X-CUBE-AI 9.1.0
2026-04-02 11:31:47,564 [INFO] ThirdParty:1030 - CMSIS Pack Vendor :wolfSSL I-CUBE-wolfSSH 1.4.17
2026-04-02 11:31:47,564 [INFO] ThirdParty:841 - exiting critical section [change project]
2026-04-02 11:31:48,053 [INFO] PinOutPanel:1589 - setPackage(No Configuration,No Configuration)
2026-04-02 11:31:48,056 [INFO] PinOutPanel:1589 - setPackage(STM32F407VETx,LQFP100)
2026-04-02 11:31:48,587 [INFO] UtilMem:75 - Before build in PCC Used Memory: 800016544 Bytes (1073741824)
2026-04-02 11:31:49,161 [INFO] UtilMem:75 - After build in PCC Used Memory: 846680224 Bytes (1073741824)
2026-04-02 11:31:49,201 [INFO] IPUIPlugin:80 - create IPUIPlugin
2026-04-02 11:31:49,202 [INFO] IPUIPlugin:80 - create IPUIPlugin
2026-04-02 11:31:49,202 [INFO] IPUIPlugin:80 - create IPUIPlugin
2026-04-02 11:31:49,203 [INFO] IPUIPlugin:80 - create IPUIPlugin
2026-04-02 11:31:49,204 [INFO] IPUIPlugin:80 - create IPUIPlugin
2026-04-02 11:31:49,205 [INFO] IPUIPlugin:80 - create IPUIPlugin
2026-04-02 11:31:49,205 [INFO] IPUIPlugin:80 - create IPUIPlugin
2026-04-02 11:31:49,205 [INFO] IPUIPlugin:80 - create IPUIPlugin
2026-04-02 11:31:49,205 [INFO] IPUIPlugin:80 - create IPUIPlugin
2026-04-02 11:31:49,205 [INFO] IPUIPlugin:80 - create IPUIPlugin
2026-04-02 11:31:49,205 [INFO] IPUIPlugin:80 - create IPUIPlugin
2026-04-02 11:31:49,206 [INFO] IPUIPlugin:80 - create IPUIPlugin
2026-04-02 11:31:49,206 [INFO] IPUIPlugin:80 - create IPUIPlugin
2026-04-02 11:31:49,208 [INFO] IPUIPlugin:80 - create IPUIPlugin
2026-04-02 11:31:49,209 [INFO] IPUIPlugin:80 - create IPUIPlugin
2026-04-02 11:31:49,209 [INFO] IPUIPlugin:80 - create IPUIPlugin
2026-04-02 11:31:49,209 [INFO] IPUIPlugin:80 - create IPUIPlugin
2026-04-02 11:31:49,209 [INFO] IPUIPlugin:80 - create IPUIPlugin
2026-04-02 11:31:49,210 [INFO] IPUIPlugin:80 - create IPUIPlugin
2026-04-02 11:31:49,210 [INFO] IPUIPlugin:80 - create IPUIPlugin
2026-04-02 11:31:49,211 [INFO] IPUIPlugin:80 - create IPUIPlugin
2026-04-02 11:31:49,211 [INFO] IPUIPlugin:80 - create IPUIPlugin
2026-04-02 11:31:49,211 [INFO] IPUIPlugin:80 - create IPUIPlugin
2026-04-02 11:31:49,212 [INFO] IPUIPlugin:80 - create IPUIPlugin
2026-04-02 11:31:49,212 [INFO] IPUIPlugin:80 - create IPUIPlugin
2026-04-02 11:31:49,212 [INFO] IPUIPlugin:80 - create IPUIPlugin
2026-04-02 11:31:49,212 [INFO] IPUIPlugin:80 - create IPUIPlugin
2026-04-02 11:31:49,212 [INFO] IPUIPlugin:80 - create IPUIPlugin
2026-04-02 11:31:49,212 [INFO] IPUIPlugin:80 - create IPUIPlugin
2026-04-02 11:31:49,213 [INFO] IPUIPlugin:80 - create IPUIPlugin
2026-04-02 11:31:49,213 [INFO] IPUIPlugin:80 - create IPUIPlugin
2026-04-02 11:31:49,213 [INFO] IPUIPlugin:80 - create IPUIPlugin
2026-04-02 11:31:49,213 [INFO] IPUIPlugin:80 - create IPUIPlugin
2026-04-02 11:31:49,213 [INFO] IPUIPlugin:80 - create IPUIPlugin
2026-04-02 11:31:49,213 [INFO] IPUIPlugin:80 - create IPUIPlugin
2026-04-02 11:31:49,214 [INFO] IPUIPlugin:80 - create IPUIPlugin
2026-04-02 11:31:49,214 [INFO] IPUIPlugin:80 - create IPUIPlugin
2026-04-02 11:31:49,214 [INFO] IPUIPlugin:80 - create IPUIPlugin
2026-04-02 11:31:49,214 [INFO] IPUIPlugin:80 - create IPUIPlugin
2026-04-02 11:31:49,214 [INFO] IPUIPlugin:80 - create IPUIPlugin
2026-04-02 11:31:49,214 [INFO] IPUIPlugin:80 - create IPUIPlugin
2026-04-02 11:31:49,216 [INFO] IPUIPlugin:80 - create IPUIPlugin
2026-04-02 11:31:49,217 [INFO] IPUIPlugin:80 - create IPUIPlugin
2026-04-02 11:31:49,218 [INFO] IPUIPlugin:80 - create IPUIPlugin
2026-04-02 11:31:49,218 [INFO] IPUIPlugin:80 - create IPUIPlugin
2026-04-02 11:31:49,218 [INFO] IPUIPlugin:80 - create IPUIPlugin
2026-04-02 11:31:49,218 [INFO] IPUIPlugin:80 - create IPUIPlugin
2026-04-02 11:31:49,219 [INFO] IPUIPlugin:80 - create IPUIPlugin
2026-04-02 11:31:49,219 [INFO] IPUIPlugin:80 - create IPUIPlugin
2026-04-02 11:31:49,219 [INFO] IPUIPlugin:80 - create IPUIPlugin
2026-04-02 11:31:49,221 [INFO] IPUIPlugin:80 - create IPUIPlugin
2026-04-02 11:31:49,221 [INFO] IPUIPlugin:80 - create IPUIPlugin
2026-04-02 11:31:49,221 [INFO] IPUIPlugin:80 - create IPUIPlugin
2026-04-02 11:31:49,222 [INFO] IPUIPlugin:80 - create IPUIPlugin
2026-04-02 11:31:49,222 [INFO] IPUIPlugin:80 - create IPUIPlugin
2026-04-02 11:31:49,223 [INFO] IPUIPlugin:80 - create IPUIPlugin
2026-04-02 11:31:49,223 [INFO] IPUIPlugin:80 - create IPUIPlugin
2026-04-02 11:31:49,224 [INFO] IPUIPlugin:80 - create IPUIPlugin
2026-04-02 11:31:49,263 [INFO] ApiDbMcu:508 - Load IP Config File for PDM2PCM
2026-04-02 11:31:49,266 [INFO] Can:71 - Can Add PropertyChangeListener com.st.microxplorer.plugins.ip.can.Can@4f1fde3d
2026-04-02 11:31:49,400 [INFO] CADModel:165 - CPN selected for project levelSTM32F407VET6
2026-04-02 11:31:49,400 [INFO] CADModel:114 - Register for checkConnection events
2026-04-02 11:31:49,481 [INFO] OpenFileManager:363 - Restore cursor
2026-04-02 11:48:39,644 [INFO] WebApp:190 - Connection lost
2026-04-02 11:48:40,190 [INFO] WebApp:187 - Connection restablished
2026-04-02 11:48:49,344 [INFO] WebApp:190 - Connection lost
2026-04-02 11:48:49,481 [INFO] WebApp:187 - Connection restablished
2026-04-02 16:35:26,709 [INFO] WebApp:190 - Connection lost
2026-04-02 16:35:28,694 [INFO] WebApp:187 - Connection restablished
2026-04-02 16:35:28,960 [INFO] WebApp:190 - Connection lost
2026-04-02 16:35:29,227 [INFO] WebApp:187 - Connection restablished
2026-04-02 20:34:33,377 [INFO] WebApp:190 - Connection lost
2026-04-02 20:37:39,263 [INFO] WebApp:187 - Connection restablished
